#
# A fatal error has been detected by the Java Runtime Environment:
#
#  SIGSEGV (0xb) at pc=0x00007fc61e47d4ad, pid=21519, tid=21545
#
# JRE version: OpenJDK Runtime Environment (11.0.13+8) (build 11.0.13+8-Ubuntu-0ubuntu1.20.04)
# Java VM: OpenJDK 64-Bit Server VM (11.0.13+8-Ubuntu-0ubuntu1.20.04, mixed mode, sharing, tiered, compressed oops, g1 gc, linux-amd64)
# Problematic frame:
# V  [libjvm.so+0x78e4ad]
#
# Core dump will be written. Default location: Core dumps may be processed with "/usr/share/apport/apport %p %s %c %d %P %E" (or dumping to /home/liyang/IdeaProjects/springboot-mall/mall_web_manager/core.21519)
#
# If you would like to submit a bug report, please visit:
#   https://bugs.launchpad.net/ubuntu/+source/openjdk-lts
#

---------------  S U M M A R Y ------------

Command Line: -Dmaven.multiModuleProjectDirectory=/home/liyang/IdeaProjects/springboot-mall -Dmaven.home=/home/liyang/.m2/apache-maven-3.8.4 -Dclassworlds.conf=/home/liyang/.m2/apache-maven-3.8.4/bin/m2.conf -Dmaven.ext.class.path=/home/liyang/.local/share/JetBrains/Toolbox/apps/IDEA-U/ch-0/213.5744.223/plugins/maven/lib/maven-event-listener.jar -javaagent:/home/liyang/.local/share/JetBrains/Toolbox/apps/IDEA-U/ch-0/213.5744.223/lib/idea_rt.jar=38407:/home/liyang/.local/share/JetBrains/Toolbox/apps/IDEA-U/ch-0/213.5744.223/bin -Dfile.encoding=UTF-8 org.codehaus.classworlds.Launcher -Didea.version=2021.3 -s /home/liyang/.m2/settings.xml -Dmaven.repo.local=/home/liyang/.m2/repository org.apache.tomcat.maven:tomcat7-maven-plugin:2.2:run

Host: Intel(R) Core(TM) i5-7500 CPU @ 3.40GHz, 4 cores, 7G, Ubuntu 20.04.2 LTS
Time: Sun Jan  2 13:47:50 2022 CST elapsed time: 6.573091 seconds (0d 0h 0m 6s)

---------------  T H R E A D  ---------------

Current thread (0x00007fc5e4002800):  GCTaskThread "GC Thread#2" [stack: 0x00007fc5f0016000,0x00007fc5f0116000] [id=21545]

Stack: [0x00007fc5f0016000,0x00007fc5f0116000],  sp=0x00007fc5f0114980,  free space=1018k
Native frames: (J=compiled Java code, A=aot compiled Java code, j=interpreted, Vv=VM code, C=native code)
V  [libjvm.so+0x78e4ad]
V  [libjvm.so+0x78be7b]
V  [libjvm.so+0x79f20d]
V  [libjvm.so+0x6ff26f]
V  [libjvm.so+0x742cc2]
V  [libjvm.so+0x79a32f]
V  [libjvm.so+0x79a4a0]
V  [libjvm.so+0x753102]
V  [libjvm.so+0xeba7cd]
V  [libjvm.so+0xe21850]
V  [libjvm.so+0xbe0406]


siginfo: si_signo: 11 (SIGSEGV), si_code: 1 (SEGV_MAPERR), si_addr: 0x0000000000000000

Register to memory mapping:

RAX=0x0 is NULL
RBX=0x0000000000000009 is an unknown value
RCX=0x0000000000000014 is an unknown value
RDX=0x0000000000000885 is an unknown value
RSP=0x00007fc5f0114980 points into unknown readable memory: 0x000000007ba2be00 | 00 be a2 7b 00 00 00 00
RBP=0x00007fc5f0114a00 points into unknown readable memory: 0x00007fc5f0114a90 | 90 4a 11 f0 c5 7f 00 00
RSI=0x0000000000000007 is an unknown value
RDI=0x0000000800000000 is pointing into metadata
R8 =0x00000008002ab000 is pointing into metadata
R9 =0x0000000000000001 is an unknown value
R10=0x0 is NULL
R11=0x0000000000000002 is an unknown value
R12=0x000000008854ccf8 points into unknown readable memory: 0x0000000000000000 | 00 00 00 00 00 00 00 00
R13=0x00007fc5a80035f0 points into unknown readable memory: 0x00007fc61ee58130 | 30 81 e5 1e c6 7f 00 00
R14=0x0000000000000009 is an unknown value
R15=0x0000000000000001 is an unknown value


Registers:
RAX=0x0000000000000000, RBX=0x0000000000000009, RCX=0x0000000000000014, RDX=0x0000000000000885
RSP=0x00007fc5f0114980, RBP=0x00007fc5f0114a00, RSI=0x0000000000000007, RDI=0x0000000800000000
R8 =0x00000008002ab000, R9 =0x0000000000000001, R10=0x0000000000000000, R11=0x0000000000000002
R12=0x000000008854ccf8, R13=0x00007fc5a80035f0, R14=0x0000000000000009, R15=0x0000000000000001
RIP=0x00007fc61e47d4ad, EFLAGS=0x0000000000010246, CSGSFS=0x002b000000000033, ERR=0x0000000000000004
  TRAPNO=0x000000000000000e

Top of Stack: (sp=0x00007fc5f0114980)
0x00007fc5f0114980:   000000007ba2be00 00007fc5f0114b90
0x00007fc5f0114990:   00007fc5f01149d0 00007fc61ef5bd80
0x00007fc5f01149a0:   0000000000000009 00007fc61f0c8202
0x00007fc5f01149b0:   0000000000000008 0000000000000000 

Instructions: (pc=0x00007fc61e47d4ad)
0x00007fc61e47d3ad:   b6 30 40 84 f6 0f 84 98 03 00 00 48 8d 05 51 34
0x00007fc61e47d3bd:   ab 00 8b 78 08 4c 8b 00 41 8b 41 08 89 f9 48 d3
0x00007fc61e47d3cd:   e0 41 81 7c 00 08 00 00 00 c0 0f 8c 03 04 00 00
0x00007fc61e47d3dd:   49 8b 45 08 4c 89 ca 8b 88 c0 02 00 00 48 8b 80
0x00007fc61e47d3ed:   b0 02 00 00 48 d3 ea 48 8b 04 d0 49 89 85 90 01
0x00007fc61e47d3fd:   00 00 41 8b 51 08 89 f9 48 d3 e2 4c 01 c2 48 63
0x00007fc61e47d40d:   4a 0c 4c 89 4d b8 4c 89 ce 4c 89 f7 48 8d 05 e0
0x00007fc61e47d41d:   f5 ad 00 ff 14 c8 4c 8b 4d b8 48 83 c4 58 5b 41
0x00007fc61e47d42d:   5c 4c 89 c8 41 5d 41 5e 41 5f 5d c3 0f 1f 80 00
0x00007fc61e47d43d:   00 00 00 0f 84 9a 00 00 00 3c 01 48 8d 05 5d 70
0x00007fc61e47d44d:   a9 00 48 19 c9 8b 10 83 e1 04 89 d8 4d 63 74 0c
0x00007fc61e47d45d:   0c c1 f8 10 89 d9 8d 72 ff 0f b6 c0 f7 da 48 63
0x00007fc61e47d46d:   f6 49 d3 e6 48 01 f0 49 01 c6 48 63 c2 49 21 c6
0x00007fc61e47d47d:   49 c1 ee 03 44 89 f3 4d 63 f6 e9 24 fd ff ff 0f
0x00007fc61e47d48d:   1f 40 00 48 8b 7a 08 e9 fd fc ff ff 0f 1f 80 00
0x00007fc61e47d49d:   00 00 00 41 f6 c2 01 75 62 4c 89 d0 48 83 e0 fd
0x00007fc61e47d4ad:   4c 8b 00 49 c1 e8 03 44 89 c0 83 e0 0f 89 45 b8
0x00007fc61e47d4bd:   41 3b 85 6c 01 00 00 0f 83 1b fd ff ff 41 bb 01
0x00007fc61e47d4cd:   00 00 00 31 c9 b8 01 00 00 00 e9 35 fd ff ff 0f
0x00007fc61e47d4dd:   1f 40 00 48 8b 07 48 8d 15 06 62 dc ff 45 31 f6
0x00007fc61e47d4ed:   48 8b 80 10 01 00 00 48 39 d0 0f 84 b3 fc ff ff
0x00007fc61e47d4fd:   e9 08 fe ff ff 66 0f 1f 44 00 00 4d 89 d0 49 c1
0x00007fc61e47d50d:   e8 03 44 89 c0 83 e0 0f 89 45 b8 eb a3 44 0f b6
0x00007fc61e47d51d:   45 ce 41 80 fb 01 0f 84 23 03 00 00 45 88 85 c8
0x00007fc61e47d52d:   01 00 00 4c 89 e6 4c 89 ef 4c 89 d2 e8 92 fa ff
0x00007fc61e47d53d:   ff 48 83 c4 58 5b 41 5c 41 5d 41 5e 41 5f 5d c3
0x00007fc61e47d54d:   0f 1f 00 48 8d 35 81 7c a9 00 41 0f b7 c8 48 3b
0x00007fc61e47d55d:   0e 0f 8e 8c 00 00 00 45 0f b7 c0 41 8d 48 ff 44
0x00007fc61e47d56d:   89 c6 f7 de 48 63 c9 4c 01 c9 48 63 f6 48 21 f1
0x00007fc61e47d57d:   48 89 ce 48 89 4d a0 4c 29 ce 48 c1 ee 03 48 89
0x00007fc61e47d58d:   75 a8 74 5f 48 8d 0d 18 6f a9 00 8b 31 8d 4e 01
0x00007fc61e47d59d:   f7 de 21 ce 48 63 ce 48 39 4d a8 0f 82 ce 03 00 


Stack slot to memory mapping:
stack at sp + 0 slots: 0x000000007ba2be00 is an unknown value
stack at sp + 1 slots: 0x00007fc5f0114b90 points into unknown readable memory: 0x00007fc61ee58350 | 50 83 e5 1e c6 7f 00 00
stack at sp + 2 slots: 0x00007fc5f01149d0 points into unknown readable memory: 0x00000000000050e9 | e9 50 00 00 00 00 00 00
stack at sp + 3 slots: 0x00007fc61ef5bd80: <offset 0x000000000126cd80> in /usr/lib/jvm/java-11-openjdk-amd64/lib/server/libjvm.so at 0x00007fc61dcef000
stack at sp + 4 slots: 0x0000000000000009 is an unknown value
stack at sp + 5 slots: 0x00007fc61f0c8202: clock_getres+0x0000000000000072 in /lib/x86_64-linux-gnu/libc.so.6 at 0x00007fc61efe8000
stack at sp + 6 slots: 0x0000000000000008 is an unknown value
stack at sp + 7 slots: 0x0 is NULL


---------------  P R O C E S S  ---------------

Threads class SMR info:
_java_thread_list=0x00007fc59c005db0, length=14, elements={
0x00007fc618017800, 0x00007fc618178000, 0x00007fc61817a000, 0x00007fc618180800,
0x00007fc618182800, 0x00007fc618185000, 0x00007fc618187000, 0x00007fc618189000,
0x00007fc618197000, 0x00007fc61821b800, 0x00007fc5cc2f2000, 0x00007fc5d0001000,
0x00007fc61920a000, 0x00007fc59c006000
}

Java Threads: ( => current thread )
  0x00007fc618017800 JavaThread "main" [_thread_blocked, id=21521, stack(0x00007fc61d8a2000,0x00007fc61d9a3000)]
  0x00007fc618178000 JavaThread "Reference Handler" daemon [_thread_blocked, id=21530, stack(0x00007fc6002ca000,0x00007fc6003cb000)]
  0x00007fc61817a000 JavaThread "Finalizer" daemon [_thread_blocked, id=21531, stack(0x00007fc6001c9000,0x00007fc6002ca000)]
  0x00007fc618180800 JavaThread "Signal Dispatcher" daemon [_thread_blocked, id=21532, stack(0x00007fc6000c8000,0x00007fc6001c9000)]
  0x00007fc618182800 JavaThread "Service Thread" daemon [_thread_blocked, id=21533, stack(0x00007fc5f811f000,0x00007fc5f8220000)]
  0x00007fc618185000 JavaThread "C2 CompilerThread0" daemon [_thread_in_native, id=21534, stack(0x00007fc5f801e000,0x00007fc5f811f000)]
  0x00007fc618187000 JavaThread "C1 CompilerThread0" daemon [_thread_blocked, id=21535, stack(0x00007fc5f0921000,0x00007fc5f0a22000)]
  0x00007fc618189000 JavaThread "Sweeper thread" daemon [_thread_blocked, id=21537, stack(0x00007fc5f0820000,0x00007fc5f0921000)]
  0x00007fc618197000 JavaThread "Common-Cleaner" daemon [_thread_blocked, id=21539, stack(0x00007fc5f071f000,0x00007fc5f0820000)]
  0x00007fc61821b800 JavaThread "Monitor Ctrl-Break" daemon [_thread_in_native, id=21540, stack(0x00007fc5f061e000,0x00007fc5f071f000)]
  0x00007fc5cc2f2000 JavaThread "C2 CompilerThread1" daemon [_thread_blocked, id=21543, stack(0x00007fc5f041b000,0x00007fc5f051c000)]
  0x00007fc5d0001000 JavaThread "Attach Listener" daemon [_thread_blocked, id=21548, stack(0x00007fc5afeff000,0x00007fc5b0000000)]
  0x00007fc61920a000 JavaThread "Tomcat-startStop-1" daemon [_thread_blocked, id=21554, stack(0x00007fc5aeffe000,0x00007fc5af0ff000)]
  0x00007fc59c006000 JavaThread "localhost-startStop-1" daemon [_thread_blocked, id=21555, stack(0x00007fc5aeefd000,0x00007fc5aeffe000)]

Other Threads:
  0x00007fc618175000 VMThread "VM Thread" [stack: 0x00007fc6003cd000,0x00007fc6004cd000] [id=21529]
  0x00007fc61821d000 WatcherThread [stack: 0x00007fc5f051e000,0x00007fc5f061e000] [id=21541]
  0x00007fc61802f800 GCTaskThread "GC Thread#0" [stack: 0x00007fc61d546000,0x00007fc61d646000] [id=21523]
  0x00007fc5e4001000 GCTaskThread "GC Thread#1" [stack: 0x00007fc5f0118000,0x00007fc5f0218000] [id=21544]
=>0x00007fc5e4002800 GCTaskThread "GC Thread#2" [stack: 0x00007fc5f0016000,0x00007fc5f0116000] [id=21545]
  0x00007fc618061000 ConcurrentGCThread "G1 Main Marker" [stack: 0x00007fc61c464000,0x00007fc61c564000] [id=21524]
  0x00007fc618062800 ConcurrentGCThread "G1 Conc#0" [stack: 0x00007fc61c362000,0x00007fc61c462000] [id=21525]
  0x00007fc6180db000 ConcurrentGCThread "G1 Refine#0" [stack: 0x00007fc600652000,0x00007fc600752000] [id=21526]
  0x00007fc6180dc800 ConcurrentGCThread "G1 Young RemSet Sampling" [stack: 0x00007fc600550000,0x00007fc600650000] [id=21527]

Threads with active compile tasks:
C2 CompilerThread0   6576 4804       4       org.apache.tomcat.util.bcel.classfile.StackMapTableEntry::<init> (440 bytes)
C2 CompilerThread1   6576 4812       4       jdk.internal.module.SystemModuleFinders$SystemModuleReader::find (54 bytes)

VM state:at safepoint (normal execution)

VM Mutex/Monitor currently owned by a thread:  ([mutex/lock_event])
[0x00007fc618014210] Threads_lock - owner thread: 0x00007fc618175000
[0x00007fc6180149f0] Heap_lock - owner thread: 0x00007fc59c006000

Heap address: 0x0000000084400000, size: 1980 MB, Compressed Oops mode: 32-bit
Narrow klass base: 0x0000000800000000, Narrow klass shift: 3
Compressed class space size: 1073741824 Address: 0x0000000840000000

Heap:
 garbage-first heap   total 155648K, used 96853K [0x0000000084400000, 0x0000000100000000)
  region size 1024K, 77 young (78848K), 5 survivors (5120K)
 Metaspace       used 23739K, capacity 24481K, committed 24704K, reserved 1071104K
  class space    used 2596K, capacity 2890K, committed 2944K, reserved 1048576K
Heap Regions: E=young(eden), S=young(survivor), O=old, HS=humongous(starts), HC=humongous(continues), CS=collection set, F=free, A=archive, TAMS=top-at-mark-start (previous, next)
|   0|0x0000000084400000, 0x0000000084500000, 0x0000000084500000|100%| O|  |TAMS 0x0000000084500000, 0x0000000084400000| Untracked 
|   1|0x0000000084500000, 0x0000000084600000, 0x0000000084600000|100%| O|  |TAMS 0x0000000084600000, 0x0000000084500000| Untracked 
|   2|0x0000000084600000, 0x0000000084700000, 0x0000000084700000|100%| O|  |TAMS 0x0000000084700000, 0x0000000084600000| Untracked 
|   3|0x0000000084700000, 0x0000000084800000, 0x0000000084800000|100%| O|  |TAMS 0x0000000084800000, 0x0000000084700000| Untracked 
|   4|0x0000000084800000, 0x0000000084900000, 0x0000000084900000|100%| O|  |TAMS 0x0000000084900000, 0x0000000084800000| Untracked 
|   5|0x0000000084900000, 0x0000000084a00000, 0x0000000084a00000|100%| O|  |TAMS 0x0000000084a00000, 0x0000000084900000| Untracked 
|   6|0x0000000084a00000, 0x0000000084b00000, 0x0000000084b00000|100%| O|  |TAMS 0x0000000084b00000, 0x0000000084a00000| Untracked 
|   7|0x0000000084b00000, 0x0000000084c00000, 0x0000000084c00000|100%| O|  |TAMS 0x0000000084c00000, 0x0000000084b00000| Untracked 
|   8|0x0000000084c00000, 0x0000000084d00000, 0x0000000084d00000|100%| O|  |TAMS 0x0000000084c2c000, 0x0000000084c00000| Untracked 
|   9|0x0000000084d00000, 0x0000000084e00000, 0x0000000084e00000|100%| O|  |TAMS 0x0000000084d00000, 0x0000000084d00000| Untracked 
|  10|0x0000000084e00000, 0x0000000084f00000, 0x0000000084f00000|100%| O|  |TAMS 0x0000000084e00000, 0x0000000084e00000| Untracked 
|  11|0x0000000084f00000, 0x0000000085000000, 0x0000000085000000|100%| O|  |TAMS 0x0000000084f00000, 0x0000000084f00000| Untracked 
|  12|0x0000000085000000, 0x0000000085100000, 0x0000000085100000|100%| O|  |TAMS 0x0000000085000000, 0x0000000085000000| Untracked 
|  13|0x0000000085100000, 0x0000000085200000, 0x0000000085200000|100%| O|  |TAMS 0x0000000085100000, 0x0000000085100000| Untracked 
|  14|0x0000000085200000, 0x0000000085300000, 0x0000000085300000|100%| O|  |TAMS 0x0000000085200000, 0x0000000085200000| Untracked 
|  15|0x0000000085300000, 0x0000000085400000, 0x0000000085400000|100%| O|  |TAMS 0x0000000085300000, 0x0000000085300000| Untracked 
|  16|0x0000000085400000, 0x0000000085500000, 0x0000000085500000|100%| O|  |TAMS 0x0000000085400000, 0x0000000085400000| Untracked 
|  17|0x0000000085500000, 0x0000000085600000, 0x0000000085600000|100%| O|  |TAMS 0x0000000085500000, 0x0000000085500000| Untracked 
|  18|0x0000000085600000, 0x00000000856a0848, 0x0000000085700000| 62%| O|  |TAMS 0x0000000085600000, 0x0000000085600000| Untracked 
|  19|0x0000000085700000, 0x0000000085700000, 0x0000000085800000|  0%| F|  |TAMS 0x0000000085700000, 0x0000000085700000| Untracked 
|  20|0x0000000085800000, 0x0000000085800000, 0x0000000085900000|  0%| F|  |TAMS 0x0000000085800000, 0x0000000085800000| Untracked 
|  21|0x0000000085900000, 0x0000000085900000, 0x0000000085a00000|  0%| F|  |TAMS 0x0000000085900000, 0x0000000085900000| Untracked 
|  22|0x0000000085a00000, 0x0000000085a00000, 0x0000000085b00000|  0%| F|  |TAMS 0x0000000085a00000, 0x0000000085a00000| Untracked 
|  23|0x0000000085b00000, 0x0000000085b00000, 0x0000000085c00000|  0%| F|  |TAMS 0x0000000085b00000, 0x0000000085b00000| Untracked 
|  24|0x0000000085c00000, 0x0000000085c00000, 0x0000000085d00000|  0%| F|  |TAMS 0x0000000085c00000, 0x0000000085c00000| Untracked 
|  25|0x0000000085d00000, 0x0000000085d00000, 0x0000000085e00000|  0%| F|  |TAMS 0x0000000085d00000, 0x0000000085d00000| Untracked 
|  26|0x0000000085e00000, 0x0000000085e00000, 0x0000000085f00000|  0%| F|  |TAMS 0x0000000085e00000, 0x0000000085e00000| Untracked 
|  27|0x0000000085f00000, 0x0000000085f00000, 0x0000000086000000|  0%| F|  |TAMS 0x0000000085f00000, 0x0000000085f00000| Untracked 
|  28|0x0000000086000000, 0x0000000086000000, 0x0000000086100000|  0%| F|  |TAMS 0x0000000086000000, 0x0000000086000000| Untracked 
|  29|0x0000000086100000, 0x0000000086100000, 0x0000000086200000|  0%| F|  |TAMS 0x0000000086100000, 0x0000000086100000| Untracked 
|  30|0x0000000086200000, 0x0000000086200000, 0x0000000086300000|  0%| F|  |TAMS 0x0000000086200000, 0x0000000086200000| Untracked 
|  31|0x0000000086300000, 0x0000000086300000, 0x0000000086400000|  0%| F|  |TAMS 0x0000000086300000, 0x0000000086300000| Untracked 
|  32|0x0000000086400000, 0x0000000086400000, 0x0000000086500000|  0%| F|  |TAMS 0x0000000086400000, 0x0000000086400000| Untracked 
|  33|0x0000000086500000, 0x0000000086500000, 0x0000000086600000|  0%| F|  |TAMS 0x0000000086500000, 0x0000000086500000| Untracked 
|  34|0x0000000086600000, 0x0000000086600000, 0x0000000086700000|  0%| F|  |TAMS 0x0000000086600000, 0x0000000086600000| Untracked 
|  35|0x0000000086700000, 0x0000000086700000, 0x0000000086800000|  0%| F|  |TAMS 0x0000000086700000, 0x0000000086700000| Untracked 
|  36|0x0000000086800000, 0x0000000086800000, 0x0000000086900000|  0%| F|  |TAMS 0x0000000086800000, 0x0000000086800000| Untracked 
|  37|0x0000000086900000, 0x0000000086900000, 0x0000000086a00000|  0%| F|  |TAMS 0x0000000086900000, 0x0000000086900000| Untracked 
|  38|0x0000000086a00000, 0x0000000086a00000, 0x0000000086b00000|  0%| F|  |TAMS 0x0000000086a00000, 0x0000000086a00000| Untracked 
|  39|0x0000000086b00000, 0x0000000086b00000, 0x0000000086c00000|  0%| F|  |TAMS 0x0000000086b00000, 0x0000000086b00000| Untracked 
|  40|0x0000000086c00000, 0x0000000086c00000, 0x0000000086d00000|  0%| F|  |TAMS 0x0000000086c00000, 0x0000000086c00000| Untracked 
|  41|0x0000000086d00000, 0x0000000086d00000, 0x0000000086e00000|  0%| F|  |TAMS 0x0000000086d00000, 0x0000000086d00000| Untracked 
|  42|0x0000000086e00000, 0x0000000086e00000, 0x0000000086f00000|  0%| F|  |TAMS 0x0000000086e00000, 0x0000000086e00000| Untracked 
|  43|0x0000000086f00000, 0x0000000086f00000, 0x0000000087000000|  0%| F|  |TAMS 0x0000000086f00000, 0x0000000086f00000| Untracked 
|  44|0x0000000087000000, 0x0000000087000000, 0x0000000087100000|  0%| F|  |TAMS 0x0000000087000000, 0x0000000087000000| Untracked 
|  45|0x0000000087100000, 0x0000000087100000, 0x0000000087200000|  0%| F|  |TAMS 0x0000000087100000, 0x0000000087100000| Untracked 
|  46|0x0000000087200000, 0x0000000087200000, 0x0000000087300000|  0%| F|  |TAMS 0x0000000087200000, 0x0000000087200000| Untracked 
|  47|0x0000000087300000, 0x0000000087300000, 0x0000000087400000|  0%| F|  |TAMS 0x0000000087300000, 0x0000000087300000| Untracked 
|  48|0x0000000087400000, 0x0000000087400000, 0x0000000087500000|  0%| F|  |TAMS 0x0000000087400000, 0x0000000087400000| Untracked 
|  49|0x0000000087500000, 0x0000000087500000, 0x0000000087600000|  0%| F|  |TAMS 0x0000000087500000, 0x0000000087500000| Untracked 
|  50|0x0000000087600000, 0x0000000087600000, 0x0000000087700000|  0%| F|  |TAMS 0x0000000087600000, 0x0000000087600000| Untracked 
|  51|0x0000000087700000, 0x0000000087700000, 0x0000000087800000|  0%| F|  |TAMS 0x0000000087700000, 0x0000000087700000| Untracked 
|  52|0x0000000087800000, 0x0000000087800000, 0x0000000087900000|  0%| F|  |TAMS 0x0000000087800000, 0x0000000087800000| Untracked 
|  53|0x0000000087900000, 0x0000000087900000, 0x0000000087a00000|  0%| F|  |TAMS 0x0000000087900000, 0x0000000087900000| Untracked 
|  54|0x0000000087a00000, 0x0000000087a00000, 0x0000000087b00000|  0%| F|  |TAMS 0x0000000087a00000, 0x0000000087a00000| Untracked 
|  55|0x0000000087b00000, 0x0000000087b00000, 0x0000000087c00000|  0%| F|  |TAMS 0x0000000087b00000, 0x0000000087b00000| Untracked 
|  56|0x0000000087c00000, 0x0000000087c00000, 0x0000000087d00000|  0%| F|  |TAMS 0x0000000087c00000, 0x0000000087c00000| Untracked 
|  57|0x0000000087d00000, 0x0000000087d00000, 0x0000000087e00000|  0%| F|  |TAMS 0x0000000087d00000, 0x0000000087d00000| Untracked 
|  58|0x0000000087e00000, 0x0000000087e00000, 0x0000000087f00000|  0%| F|  |TAMS 0x0000000087e00000, 0x0000000087e00000| Untracked 
|  59|0x0000000087f00000, 0x0000000087f00000, 0x0000000088000000|  0%| F|  |TAMS 0x0000000087f00000, 0x0000000087f00000| Untracked 
|  60|0x0000000088000000, 0x0000000088000000, 0x0000000088100000|  0%| F|  |TAMS 0x0000000088000000, 0x0000000088000000| Untracked 
|  61|0x0000000088100000, 0x0000000088100000, 0x0000000088200000|  0%| F|  |TAMS 0x0000000088100000, 0x0000000088100000| Untracked 
|  62|0x0000000088200000, 0x0000000088200000, 0x0000000088300000|  0%| F|  |TAMS 0x0000000088200000, 0x0000000088200000| Untracked 
|  63|0x0000000088300000, 0x0000000088380000, 0x0000000088400000| 50%| S|  |TAMS 0x0000000088300000, 0x0000000088300000| Complete 
|  64|0x0000000088400000, 0x00000000884b0d90, 0x0000000088500000| 69%| E|CS|TAMS 0x0000000088400000, 0x0000000088400000| Complete 
|  65|0x0000000088500000, 0x0000000088600000, 0x0000000088600000|100%| E|CS|TAMS 0x0000000088500000, 0x0000000088500000| Complete 
|  66|0x0000000088600000, 0x0000000088700000, 0x0000000088700000|100%| E|CS|TAMS 0x0000000088600000, 0x0000000088600000| Complete 
|  67|0x0000000088700000, 0x0000000088800000, 0x0000000088800000|100%| E|CS|TAMS 0x0000000088700000, 0x0000000088700000| Complete 
|  68|0x0000000088800000, 0x0000000088900000, 0x0000000088900000|100%| E|CS|TAMS 0x0000000088800000, 0x0000000088800000| Complete 
|  69|0x0000000088900000, 0x0000000088a00000, 0x0000000088a00000|100%| E|CS|TAMS 0x0000000088900000, 0x0000000088900000| Complete 
|  70|0x0000000088a00000, 0x0000000088b00000, 0x0000000088b00000|100%| E|CS|TAMS 0x0000000088a00000, 0x0000000088a00000| Complete 
|  71|0x0000000088b00000, 0x0000000088c00000, 0x0000000088c00000|100%| E|CS|TAMS 0x0000000088b00000, 0x0000000088b00000| Complete 
|  72|0x0000000088c00000, 0x0000000088d00000, 0x0000000088d00000|100%| E|CS|TAMS 0x0000000088c00000, 0x0000000088c00000| Complete 
|  73|0x0000000088d00000, 0x0000000088e00000, 0x0000000088e00000|100%| E|CS|TAMS 0x0000000088d00000, 0x0000000088d00000| Complete 
|  74|0x0000000088e00000, 0x0000000088f00000, 0x0000000088f00000|100%| S|  |TAMS 0x0000000088e00000, 0x0000000088e00000| Complete 
|  75|0x0000000088f00000, 0x0000000089000000, 0x0000000089000000|100%| S|  |TAMS 0x0000000088f00000, 0x0000000088f00000| Complete 
|  76|0x0000000089000000, 0x0000000089100000, 0x0000000089100000|100%| S|  |TAMS 0x0000000089000000, 0x0000000089000000| Complete 
|  77|0x0000000089100000, 0x0000000089200000, 0x0000000089200000|100%| S|  |TAMS 0x0000000089100000, 0x0000000089100000| Complete 
|  78|0x0000000089200000, 0x0000000089300000, 0x0000000089300000|100%| E|CS|TAMS 0x0000000089200000, 0x0000000089200000| Complete 
|  79|0x0000000089300000, 0x0000000089400000, 0x0000000089400000|100%| E|CS|TAMS 0x0000000089300000, 0x0000000089300000| Complete 
|  80|0x0000000089400000, 0x0000000089500000, 0x0000000089500000|100%| E|CS|TAMS 0x0000000089400000, 0x0000000089400000| Complete 
|  81|0x0000000089500000, 0x0000000089600000, 0x0000000089600000|100%| E|CS|TAMS 0x0000000089500000, 0x0000000089500000| Complete 
|  82|0x0000000089600000, 0x0000000089700000, 0x0000000089700000|100%| E|CS|TAMS 0x0000000089600000, 0x0000000089600000| Complete 
|  83|0x0000000089700000, 0x0000000089800000, 0x0000000089800000|100%| E|CS|TAMS 0x0000000089700000, 0x0000000089700000| Complete 
|  84|0x0000000089800000, 0x0000000089900000, 0x0000000089900000|100%| E|CS|TAMS 0x0000000089800000, 0x0000000089800000| Complete 
|  85|0x0000000089900000, 0x0000000089a00000, 0x0000000089a00000|100%| E|CS|TAMS 0x0000000089900000, 0x0000000089900000| Complete 
|  86|0x0000000089a00000, 0x0000000089b00000, 0x0000000089b00000|100%| E|CS|TAMS 0x0000000089a00000, 0x0000000089a00000| Complete 
|  87|0x0000000089b00000, 0x0000000089c00000, 0x0000000089c00000|100%| E|CS|TAMS 0x0000000089b00000, 0x0000000089b00000| Complete 
|  88|0x0000000089c00000, 0x0000000089d00000, 0x0000000089d00000|100%| E|CS|TAMS 0x0000000089c00000, 0x0000000089c00000| Complete 
|  89|0x0000000089d00000, 0x0000000089e00000, 0x0000000089e00000|100%| E|CS|TAMS 0x0000000089d00000, 0x0000000089d00000| Complete 
|  90|0x0000000089e00000, 0x0000000089f00000, 0x0000000089f00000|100%| E|CS|TAMS 0x0000000089e00000, 0x0000000089e00000| Complete 
|  91|0x0000000089f00000, 0x000000008a000000, 0x000000008a000000|100%| E|CS|TAMS 0x0000000089f00000, 0x0000000089f00000| Complete 
|  92|0x000000008a000000, 0x000000008a100000, 0x000000008a100000|100%| E|CS|TAMS 0x000000008a000000, 0x000000008a000000| Complete 
|  93|0x000000008a100000, 0x000000008a200000, 0x000000008a200000|100%| E|CS|TAMS 0x000000008a100000, 0x000000008a100000| Complete 
|  94|0x000000008a200000, 0x000000008a300000, 0x000000008a300000|100%| E|CS|TAMS 0x000000008a200000, 0x000000008a200000| Complete 
|  95|0x000000008a300000, 0x000000008a400000, 0x000000008a400000|100%| E|CS|TAMS 0x000000008a300000, 0x000000008a300000| Complete 
|  96|0x000000008a400000, 0x000000008a500000, 0x000000008a500000|100%| E|CS|TAMS 0x000000008a400000, 0x000000008a400000| Complete 
|  97|0x000000008a500000, 0x000000008a600000, 0x000000008a600000|100%| E|CS|TAMS 0x000000008a500000, 0x000000008a500000| Complete 
|  98|0x000000008a600000, 0x000000008a700000, 0x000000008a700000|100%| E|CS|TAMS 0x000000008a600000, 0x000000008a600000| Complete 
|  99|0x000000008a700000, 0x000000008a800000, 0x000000008a800000|100%| E|CS|TAMS 0x000000008a700000, 0x000000008a700000| Complete 
| 100|0x000000008a800000, 0x000000008a900000, 0x000000008a900000|100%| E|CS|TAMS 0x000000008a800000, 0x000000008a800000| Complete 
| 101|0x000000008a900000, 0x000000008aa00000, 0x000000008aa00000|100%| E|CS|TAMS 0x000000008a900000, 0x000000008a900000| Complete 
| 102|0x000000008aa00000, 0x000000008ab00000, 0x000000008ab00000|100%| E|CS|TAMS 0x000000008aa00000, 0x000000008aa00000| Complete 
| 103|0x000000008ab00000, 0x000000008ac00000, 0x000000008ac00000|100%| E|CS|TAMS 0x000000008ab00000, 0x000000008ab00000| Complete 
| 104|0x000000008ac00000, 0x000000008ad00000, 0x000000008ad00000|100%| E|CS|TAMS 0x000000008ac00000, 0x000000008ac00000| Complete 
| 105|0x000000008ad00000, 0x000000008ae00000, 0x000000008ae00000|100%| E|CS|TAMS 0x000000008ad00000, 0x000000008ad00000| Complete 
| 106|0x000000008ae00000, 0x000000008af00000, 0x000000008af00000|100%| E|CS|TAMS 0x000000008ae00000, 0x000000008ae00000| Complete 
| 107|0x000000008af00000, 0x000000008b000000, 0x000000008b000000|100%| E|CS|TAMS 0x000000008af00000, 0x000000008af00000| Complete 
| 108|0x000000008b000000, 0x000000008b100000, 0x000000008b100000|100%| E|CS|TAMS 0x000000008b000000, 0x000000008b000000| Complete 
| 109|0x000000008b100000, 0x000000008b200000, 0x000000008b200000|100%| E|CS|TAMS 0x000000008b100000, 0x000000008b100000| Complete 
| 110|0x000000008b200000, 0x000000008b300000, 0x000000008b300000|100%| E|CS|TAMS 0x000000008b200000, 0x000000008b200000| Complete 
| 111|0x000000008b300000, 0x000000008b400000, 0x000000008b400000|100%| E|CS|TAMS 0x000000008b300000, 0x000000008b300000| Complete 
| 112|0x000000008b400000, 0x000000008b500000, 0x000000008b500000|100%| E|CS|TAMS 0x000000008b400000, 0x000000008b400000| Complete 
| 113|0x000000008b500000, 0x000000008b600000, 0x000000008b600000|100%| E|CS|TAMS 0x000000008b500000, 0x000000008b500000| Complete 
| 114|0x000000008b600000, 0x000000008b700000, 0x000000008b700000|100%| E|CS|TAMS 0x000000008b600000, 0x000000008b600000| Complete 
| 115|0x000000008b700000, 0x000000008b800000, 0x000000008b800000|100%| E|CS|TAMS 0x000000008b700000, 0x000000008b700000| Complete 
| 116|0x000000008b800000, 0x000000008b900000, 0x000000008b900000|100%| E|CS|TAMS 0x000000008b800000, 0x000000008b800000| Complete 
| 117|0x000000008b900000, 0x000000008ba00000, 0x000000008ba00000|100%| E|CS|TAMS 0x000000008b900000, 0x000000008b900000| Complete 
| 118|0x000000008ba00000, 0x000000008bb00000, 0x000000008bb00000|100%| E|CS|TAMS 0x000000008ba00000, 0x000000008ba00000| Complete 
| 119|0x000000008bb00000, 0x000000008bc00000, 0x000000008bc00000|100%| E|CS|TAMS 0x000000008bb00000, 0x000000008bb00000| Complete 
| 120|0x000000008bc00000, 0x000000008bd00000, 0x000000008bd00000|100%| E|CS|TAMS 0x000000008bc00000, 0x000000008bc00000| Complete 
| 121|0x000000008bd00000, 0x000000008be00000, 0x000000008be00000|100%| E|CS|TAMS 0x000000008bd00000, 0x000000008bd00000| Complete 
| 122|0x000000008be00000, 0x000000008bf00000, 0x000000008bf00000|100%| E|CS|TAMS 0x000000008be00000, 0x000000008be00000| Complete 
| 123|0x000000008bf00000, 0x000000008c000000, 0x000000008c000000|100%| E|CS|TAMS 0x000000008bf00000, 0x000000008bf00000| Complete 
| 124|0x000000008c000000, 0x000000008c100000, 0x000000008c100000|100%| E|CS|TAMS 0x000000008c000000, 0x000000008c000000| Complete 
| 125|0x000000008c100000, 0x000000008c200000, 0x000000008c200000|100%| E|CS|TAMS 0x000000008c100000, 0x000000008c100000| Complete 
| 126|0x000000008c200000, 0x000000008c300000, 0x000000008c300000|100%| E|CS|TAMS 0x000000008c200000, 0x000000008c200000| Complete 
| 127|0x000000008c300000, 0x000000008c400000, 0x000000008c400000|100%| E|CS|TAMS 0x000000008c300000, 0x000000008c300000| Complete 
| 128|0x000000008c400000, 0x000000008c500000, 0x000000008c500000|100%| E|CS|TAMS 0x000000008c400000, 0x000000008c400000| Complete 
| 129|0x000000008c500000, 0x000000008c600000, 0x000000008c600000|100%| E|CS|TAMS 0x000000008c500000, 0x000000008c500000| Complete 
| 130|0x000000008c600000, 0x000000008c700000, 0x000000008c700000|100%| E|CS|TAMS 0x000000008c600000, 0x000000008c600000| Complete 
| 131|0x000000008c700000, 0x000000008c800000, 0x000000008c800000|100%| E|CS|TAMS 0x000000008c700000, 0x000000008c700000| Complete 
| 132|0x000000008c800000, 0x000000008c900000, 0x000000008c900000|100%| E|CS|TAMS 0x000000008c800000, 0x000000008c800000| Complete 
| 133|0x000000008c900000, 0x000000008ca00000, 0x000000008ca00000|100%| E|CS|TAMS 0x000000008c900000, 0x000000008c900000| Complete 
| 134|0x000000008ca00000, 0x000000008cb00000, 0x000000008cb00000|100%| E|CS|TAMS 0x000000008ca00000, 0x000000008ca00000| Complete 
| 135|0x000000008cb00000, 0x000000008cc00000, 0x000000008cc00000|100%| E|CS|TAMS 0x000000008cb00000, 0x000000008cb00000| Complete 
| 136|0x000000008cc00000, 0x000000008cd00000, 0x000000008cd00000|100%| E|CS|TAMS 0x000000008cc00000, 0x000000008cc00000| Complete 
| 137|0x000000008cd00000, 0x000000008ce00000, 0x000000008ce00000|100%| E|CS|TAMS 0x000000008cd00000, 0x000000008cd00000| Complete 
| 138|0x000000008ce00000, 0x000000008cf00000, 0x000000008cf00000|100%| E|CS|TAMS 0x000000008ce00000, 0x000000008ce00000| Complete 
| 139|0x000000008cf00000, 0x000000008d000000, 0x000000008d000000|100%| E|CS|TAMS 0x000000008cf00000, 0x000000008cf00000| Complete 
| 140|0x000000008d000000, 0x000000008d100000, 0x000000008d100000|100%| E|CS|TAMS 0x000000008d000000, 0x000000008d000000| Complete 
| 141|0x000000008d100000, 0x000000008d200000, 0x000000008d200000|100%| E|CS|TAMS 0x000000008d100000, 0x000000008d100000| Complete 
| 142|0x000000008d200000, 0x000000008d300000, 0x000000008d300000|100%| E|CS|TAMS 0x000000008d200000, 0x000000008d200000| Complete 
| 143|0x000000008d300000, 0x000000008d400000, 0x000000008d400000|100%| E|CS|TAMS 0x000000008d300000, 0x000000008d300000| Complete 
| 144|0x000000008d400000, 0x000000008d500000, 0x000000008d500000|100%| E|CS|TAMS 0x000000008d400000, 0x000000008d400000| Complete 
| 145|0x000000008d500000, 0x000000008d600000, 0x000000008d600000|100%| E|CS|TAMS 0x000000008d500000, 0x000000008d500000| Complete 
| 146|0x000000008d600000, 0x000000008d700000, 0x000000008d700000|100%| E|CS|TAMS 0x000000008d600000, 0x000000008d600000| Complete 
| 147|0x000000008d700000, 0x000000008d800000, 0x000000008d800000|100%| E|CS|TAMS 0x000000008d700000, 0x000000008d700000| Complete 
| 148|0x000000008d800000, 0x000000008d900000, 0x000000008d900000|100%| E|CS|TAMS 0x000000008d800000, 0x000000008d800000| Complete 
| 149|0x000000008d900000, 0x000000008da00000, 0x000000008da00000|100%| E|CS|TAMS 0x000000008d900000, 0x000000008d900000| Complete 
|1978|0x00000000ffe00000, 0x00000000ffe47000, 0x00000000fff00000| 27%|OA|  |TAMS 0x00000000ffe47000, 0x00000000ffe00000| Untracked 
|1979|0x00000000fff00000, 0x00000000fff6b000, 0x0000000100000000| 41%|CA|  |TAMS 0x00000000fff6b000, 0x00000000fff00000| Untracked 

Card table byte_map: [0x00007fc61c984000,0x00007fc61cd62000] _byte_map_base: 0x00007fc61c562000

Marking Bits (Prev, Next): (CMBitMap*) 0x00007fc6180582a0, (CMBitMap*) 0x00007fc618058268
 Prev Bits: [0x00007fc5f8220000, 0x00007fc5fa110000)
 Next Bits: [0x00007fc5fa110000, 0x00007fc5fc000000)

Polling page: 0x00007fc61d85e000

Metaspace:

Usage:
  Non-class:     21.08 MB capacity,    20.65 MB ( 98%) used,   399.15 KB (  2%) free+waste,    48.75 KB ( <1%) overhead. 
      Class:      2.82 MB capacity,     2.54 MB ( 90%) used,   270.54 KB (  9%) free+waste,    22.75 KB ( <1%) overhead. 
       Both:     23.91 MB capacity,    23.18 MB ( 97%) used,   669.69 KB (  3%) free+waste,    71.50 KB ( <1%) overhead. 

Virtual space:
  Non-class space:       22.00 MB reserved,      21.25 MB ( 97%) committed 
      Class space:        1.00 GB reserved,       2.88 MB ( <1%) committed 
             Both:        1.02 GB reserved,      24.12 MB (  2%) committed 

Chunk freelists:
   Non-Class:  109.00 KB
       Class:  22.00 KB
        Both:  131.00 KB

MaxMetaspaceSize: unlimited
CompressedClassSpaceSize: 1.00 GB
Initial GC threshold: 20.80 MB
Current GC threshold: 35.00 MB
CDS: on

CodeHeap 'non-profiled nmethods': size=120032Kb used=2502Kb max_used=2502Kb free=117529Kb
 bounds [0x00007fc60831b000, 0x00007fc60859b000, 0x00007fc60f853000]
CodeHeap 'profiled nmethods': size=120032Kb used=11498Kb max_used=11498Kb free=108533Kb
 bounds [0x00007fc600de3000, 0x00007fc601923000, 0x00007fc60831b000]
CodeHeap 'non-nmethods': size=5696Kb used=1227Kb max_used=1298Kb free=4468Kb
 bounds [0x00007fc600853000, 0x00007fc600ac3000, 0x00007fc600de3000]
 total_blobs=5282 nmethods=4776 adapters=419
 compilation: enabled
              stopped_count=0, restarted_count=0
 full_count=0

Compilation events (20 events):
Event: 6.441 Thread 0x00007fc618185000 nmethod 4802 0x00007fc608574310 code [0x00007fc6085745e0, 0x00007fc608576af8]
Event: 6.441 Thread 0x00007fc618185000 4806       4       org.apache.tomcat.util.bcel.classfile.LocalVariableTable::<init> (67 bytes)
Event: 6.454 Thread 0x00007fc618185000 nmethod 4806 0x00007fc608577a90 code [0x00007fc608577c80, 0x00007fc6085783d0]
Event: 6.454 Thread 0x00007fc618185000 4804       4       org.apache.tomcat.util.bcel.classfile.StackMapTableEntry::<init> (440 bytes)
Event: 6.473 Thread 0x00007fc5cc2f2000 nmethod 4681 0x00007fc608578710 code [0x00007fc608578f80, 0x00007fc608586310]
Event: 6.473 Thread 0x00007fc5cc2f2000 4797       4       org.apache.tomcat.util.bcel.classfile.FieldOrMethod::<init> (65 bytes)
Event: 6.473 Thread 0x00007fc618187000 4807       2       org.apache.tomcat.util.bcel.classfile.SourceFile::<init> (15 bytes)
Event: 6.474 Thread 0x00007fc618187000 nmethod 4807 0x00007fc60191c310 code [0x00007fc60191c4c0, 0x00007fc60191c6a0]
Event: 6.474 Thread 0x00007fc618187000 4808       2       org.apache.tomcat.util.bcel.classfile.SourceFile::<init> (15 bytes)
Event: 6.474 Thread 0x00007fc618187000 nmethod 4808 0x00007fc60191c790 code [0x00007fc60191c940, 0x00007fc60191cab0]
Event: 6.479 Thread 0x00007fc5cc2f2000 nmethod 4797 0x00007fc60858b290 code [0x00007fc60858b480, 0x00007fc60858ba20]
Event: 6.479 Thread 0x00007fc5cc2f2000 4787       4       java.util.HashMap::removeNode (291 bytes)
Event: 6.485 Thread 0x00007fc618187000 4809       2       java.util.WeakHashMap::getEntry (72 bytes)
Event: 6.485 Thread 0x00007fc618187000 nmethod 4809 0x00007fc60191cb90 code [0x00007fc60191cd80, 0x00007fc60191d060]
Event: 6.496 Thread 0x00007fc618187000 4810       2       org.apache.tomcat.util.bcel.classfile.ConstantValue::<init> (15 bytes)
Event: 6.496 Thread 0x00007fc618187000 nmethod 4810 0x00007fc60191d290 code [0x00007fc60191d440, 0x00007fc60191d620]
Event: 6.496 Thread 0x00007fc618187000 4811       2       org.apache.tomcat.util.bcel.classfile.ConstantValue::<init> (15 bytes)
Event: 6.496 Thread 0x00007fc618187000 nmethod 4811 0x00007fc60191d710 code [0x00007fc60191d8c0, 0x00007fc60191da30]
Event: 6.500 Thread 0x00007fc5cc2f2000 nmethod 4787 0x00007fc60858bc90 code [0x00007fc60858be60, 0x00007fc60858c6e8]
Event: 6.500 Thread 0x00007fc5cc2f2000 4812       4       jdk.internal.module.SystemModuleFinders$SystemModuleReader::find (54 bytes)

GC Heap History (15 events):
Event: 0.759 GC heap before
{Heap before GC invocations=0 (full 0):
 garbage-first heap   total 129024K, used 15048K [0x0000000084400000, 0x0000000100000000)
  region size 1024K, 14 young (14336K), 0 survivors (0K)
 Metaspace       used 4087K, capacity 6861K, committed 6912K, reserved 1056768K
  class space    used 442K, capacity 738K, committed 768K, reserved 1048576K
}
Event: 0.771 GC heap after
{Heap after GC invocations=1 (full 0):
 garbage-first heap   total 129024K, used 3426K [0x0000000084400000, 0x0000000100000000)
  region size 1024K, 2 young (2048K), 2 survivors (2048K)
 Metaspace       used 4087K, capacity 6861K, committed 6912K, reserved 1056768K
  class space    used 442K, capacity 738K, committed 768K, reserved 1048576K
}
Event: 1.062 GC heap before
{Heap before GC invocations=1 (full 0):
 garbage-first heap   total 129024K, used 14690K [0x0000000084400000, 0x0000000100000000)
  region size 1024K, 13 young (13312K), 2 survivors (2048K)
 Metaspace       used 5679K, capacity 7929K, committed 8192K, reserved 1056768K
  class space    used 654K, capacity 902K, committed 1024K, reserved 1048576K
}
Event: 1.071 GC heap after
{Heap after GC invocations=2 (full 0):
 garbage-first heap   total 129024K, used 4057K [0x0000000084400000, 0x0000000100000000)
  region size 1024K, 1 young (1024K), 1 survivors (1024K)
 Metaspace       used 5679K, capacity 7929K, committed 8192K, reserved 1056768K
  class space    used 654K, capacity 902K, committed 1024K, reserved 1048576K
}
Event: 1.937 GC heap before
{Heap before GC invocations=2 (full 0):
 garbage-first heap   total 129024K, used 35801K [0x0000000084400000, 0x0000000100000000)
  region size 1024K, 32 young (32768K), 1 survivors (1024K)
 Metaspace       used 9798K, capacity 11565K, committed 11648K, reserved 1058816K
  class space    used 1154K, capacity 1402K, committed 1408K, reserved 1048576K
}
Event: 1.942 GC heap after
{Heap after GC invocations=3 (full 0):
 garbage-first heap   total 129024K, used 5609K [0x0000000084400000, 0x0000000100000000)
  region size 1024K, 3 young (3072K), 3 survivors (3072K)
 Metaspace       used 9798K, capacity 11565K, committed 11648K, reserved 1058816K
  class space    used 1154K, capacity 1402K, committed 1408K, reserved 1048576K
}
Event: 3.391 GC heap before
{Heap before GC invocations=3 (full 0):
 garbage-first heap   total 129024K, used 59881K [0x0000000084400000, 0x0000000100000000)
  region size 1024K, 56 young (57344K), 3 survivors (3072K)
 Metaspace       used 14262K, capacity 15341K, committed 15616K, reserved 1062912K
  class space    used 1572K, capacity 1772K, committed 1792K, reserved 1048576K
}
Event: 3.404 GC heap after
{Heap after GC invocations=4 (full 0):
 garbage-first heap   total 129024K, used 9268K [0x0000000084400000, 0x0000000100000000)
  region size 1024K, 6 young (6144K), 6 survivors (6144K)
 Metaspace       used 14262K, capacity 15341K, committed 15616K, reserved 1062912K
  class space    used 1572K, capacity 1772K, committed 1792K, reserved 1048576K
}
Event: 4.392 GC heap before
{Heap before GC invocations=4 (full 0):
 garbage-first heap   total 129024K, used 78900K [0x0000000084400000, 0x0000000100000000)
  region size 1024K, 74 young (75776K), 6 survivors (6144K)
 Metaspace       used 16114K, capacity 17093K, committed 17408K, reserved 1064960K
  class space    used 1725K, capacity 1957K, committed 2048K, reserved 1048576K
}
Event: 4.417 GC heap after
{Heap after GC invocations=5 (full 0):
 garbage-first heap   total 129024K, used 13167K [0x0000000084400000, 0x0000000100000000)
  region size 1024K, 8 young (8192K), 8 survivors (8192K)
 Metaspace       used 16114K, capacity 17093K, committed 17408K, reserved 1064960K
  class space    used 1725K, capacity 1957K, committed 2048K, reserved 1048576K
}
Event: 4.815 GC heap before
{Heap before GC invocations=5 (full 0):
 garbage-first heap   total 129024K, used 30575K [0x0000000084400000, 0x0000000100000000)
  region size 1024K, 26 young (26624K), 8 survivors (8192K)
 Metaspace       used 20389K, capacity 21015K, committed 21248K, reserved 1069056K
  class space    used 2243K, capacity 2499K, committed 2560K, reserved 1048576K
}
Event: 4.825 GC heap after
{Heap after GC invocations=6 (full 0):
 garbage-first heap   total 155648K, used 15092K [0x0000000084400000, 0x0000000100000000)
  region size 1024K, 6 young (6144K), 6 survivors (6144K)
 Metaspace       used 20389K, capacity 21015K, committed 21248K, reserved 1069056K
  class space    used 2243K, capacity 2499K, committed 2560K, reserved 1048576K
}
Event: 5.988 GC heap before
{Heap before GC invocations=7 (full 0):
 garbage-first heap   total 155648K, used 86772K [0x0000000084400000, 0x0000000100000000)
  region size 1024K, 76 young (77824K), 6 survivors (6144K)
 Metaspace       used 23721K, capacity 24481K, committed 24704K, reserved 1071104K
  class space    used 2596K, capacity 2890K, committed 2944K, reserved 1048576K
}
Event: 6.010 GC heap after
{Heap after GC invocations=8 (full 0):
 garbage-first heap   total 155648K, used 23125K [0x0000000084400000, 0x0000000100000000)
  region size 1024K, 10 young (10240K), 10 survivors (10240K)
 Metaspace       used 23721K, capacity 24481K, committed 24704K, reserved 1071104K
  class space    used 2596K, capacity 2890K, committed 2944K, reserved 1048576K
}
Event: 6.516 GC heap before
{Heap before GC invocations=8 (full 0):
 garbage-first heap   total 155648K, used 96853K [0x0000000084400000, 0x0000000100000000)
  region size 1024K, 82 young (83968K), 10 survivors (10240K)
 Metaspace       used 23739K, capacity 24481K, committed 24704K, reserved 1071104K
  class space    used 2596K, capacity 2890K, committed 2944K, reserved 1048576K
}

Deoptimization events (20 events):
Event: 6.253 Thread 0x00007fc59c006000 DEOPT PACKING pc=0x00007fc6018c2ad3 sp=0x00007fc5aeffbf30
Event: 6.253 Thread 0x00007fc59c006000 DEOPT UNPACKING pc=0x00007fc60089d64a sp=0x00007fc5aeffb408 mode 0
Event: 6.259 Thread 0x00007fc59c006000 DEOPT PACKING pc=0x00007fc6018c2ad3 sp=0x00007fc5aeffbf30
Event: 6.259 Thread 0x00007fc59c006000 DEOPT UNPACKING pc=0x00007fc60089d64a sp=0x00007fc5aeffb408 mode 0
Event: 6.278 Thread 0x00007fc59c006000 DEOPT PACKING pc=0x00007fc6018c2ad3 sp=0x00007fc5aeffbf30
Event: 6.278 Thread 0x00007fc59c006000 DEOPT UNPACKING pc=0x00007fc60089d64a sp=0x00007fc5aeffb408 mode 0
Event: 6.284 Thread 0x00007fc59c006000 DEOPT PACKING pc=0x00007fc6018c2ad3 sp=0x00007fc5aeffbc10
Event: 6.284 Thread 0x00007fc59c006000 DEOPT UNPACKING pc=0x00007fc60089d64a sp=0x00007fc5aeffb0e8 mode 0
Event: 6.295 Thread 0x00007fc59c006000 DEOPT PACKING pc=0x00007fc6018c2ad3 sp=0x00007fc5aeffbf30
Event: 6.295 Thread 0x00007fc59c006000 DEOPT UNPACKING pc=0x00007fc60089d64a sp=0x00007fc5aeffb408 mode 0
Event: 6.301 Thread 0x00007fc59c006000 DEOPT PACKING pc=0x00007fc6018c2ad3 sp=0x00007fc5aeffbf30
Event: 6.301 Thread 0x00007fc59c006000 DEOPT UNPACKING pc=0x00007fc60089d64a sp=0x00007fc5aeffb408 mode 0
Event: 6.317 Thread 0x00007fc59c006000 DEOPT PACKING pc=0x00007fc6018c2ad3 sp=0x00007fc5aeffbf30
Event: 6.317 Thread 0x00007fc59c006000 DEOPT UNPACKING pc=0x00007fc60089d64a sp=0x00007fc5aeffb408 mode 0
Event: 6.331 Thread 0x00007fc59c006000 DEOPT PACKING pc=0x00007fc6018b00e4 sp=0x00007fc5aeffbe80
Event: 6.331 Thread 0x00007fc59c006000 DEOPT UNPACKING pc=0x00007fc60089d64a sp=0x00007fc5aeffb350 mode 0
Event: 6.335 Thread 0x00007fc59c006000 DEOPT PACKING pc=0x00007fc6018c2ad3 sp=0x00007fc5aeffbf30
Event: 6.335 Thread 0x00007fc59c006000 DEOPT UNPACKING pc=0x00007fc60089d64a sp=0x00007fc5aeffb408 mode 0
Event: 6.340 Thread 0x00007fc59c006000 DEOPT PACKING pc=0x00007fc6018c2ad3 sp=0x00007fc5aeffbf30
Event: 6.340 Thread 0x00007fc59c006000 DEOPT UNPACKING pc=0x00007fc60089d64a sp=0x00007fc5aeffb408 mode 0

Classes redefined (0 events):
No events

Internal exceptions (20 events):
Event: 2.432 Thread 0x00007fc618017800 Implicit null exception at 0x00007fc608353004 to 0x00007fc6083534d8
Event: 2.786 Thread 0x00007fc618017800 Implicit null exception at 0x00007fc6084031cc to 0x00007fc6084038c4
Event: 2.787 Thread 0x00007fc618017800 Implicit null exception at 0x00007fc6083b0b05 to 0x00007fc6083b0cc4
Event: 2.787 Thread 0x00007fc618017800 Implicit null exception at 0x00007fc60835e408 to 0x00007fc60835e49a
Event: 4.492 Thread 0x00007fc618017800 Exception <a 'java/io/FileNotFoundException'{0x000000008b9c1558}> (0x000000008b9c1558) thrown at [src/hotspot/share/prims/jni.cpp, line 616]
Event: 4.690 Thread 0x00007fc618017800 Exception <a 'java/lang/NoSuchMethodError'{0x000000008b2d4098}: 'java.lang.Object java.lang.invoke.DirectMethodHandle$Holder.invokeStaticInit(java.lang.Object, java.lang.Object, java.lang.Object)'> (0x000000008b2d4098) thrown at [src/hotspot/share/interpreter/linkResolver.cpp, line 772]
Event: 4.693 Thread 0x00007fc618017800 Exception <a 'java/lang/NoSuchMethodError'{0x000000008b2edbf0}: 'int java.lang.invoke.DirectMethodHandle$Holder.invokeInterface(java.lang.Object, java.lang.Object)'> (0x000000008b2edbf0) thrown at [src/hotspot/share/interpreter/linkResolver.cpp, line 772]
Event: 4.694 Thread 0x00007fc618017800 Exception <a 'java/lang/IncompatibleClassChangeError'{0x000000008b2f0c10}: Found class java.lang.Object, but interface was expected> (0x000000008b2f0c10) thrown at [src/hotspot/share/interpreter/linkResolver.cpp, line 839]
Event: 4.730 Thread 0x00007fc618017800 Exception <a 'java/lang/NoSuchMethodError'{0x000000008b1b7030}: 'java.lang.Object java.lang.invoke.DirectMethodHandle$Holder.invokeStatic(java.lang.Object, java.lang.Object, java.lang.Object, java.lang.Object, java.lang.Object, java.lang.Object, java.lang.Object, java.lang.Object, java.lang.Object, java.lang.Object, java.lang.Object, int)'> (0x000000008b1b7030) thrown at [src/hotspot/share/interpreter/linkResolver.cpp, line 772]
Event: 4.732 Thread 0x00007fc618017800 Exception <a 'java/lang/NoSuchMethodError'{0x000000008b1d55d0}: 'java.lang.Object java.lang.invoke.DirectMethodHandle$Holder.invokeStatic(java.lang.Object, java.lang.Object, java.lang.Object, java.lang.Object, java.lang.Object, java.lang.Object, java.lang.Object, java.lang.Object, java.lang.Object, java.lang.Object, java.lang.Object, int, int)'> (0x000000008b1d55d0) thrown at [src/hotspot/share/interpreter/linkResolver.cpp, line 772]
Event: 4.734 Thread 0x00007fc618017800 Exception <a 'java/lang/NoSuchMethodError'{0x000000008b1f4be0}: 'java.lang.Object java.lang.invoke.DirectMethodHandle$Holder.invokeStatic(java.lang.Object, java.lang.Object, java.lang.Object, java.lang.Object, java.lang.Object, java.lang.Object, java.lang.Object, java.lang.Object, java.lang.Object, java.lang.Object, java.lang.Object, int, int, java.lang.Object)'> (0x000000008b1f4be0) thrown at [src/hotspot/share/interpreter/linkResolver.cpp, line 772]
Event: 4.745 Thread 0x00007fc618017800 Exception <a 'java/lang/NoSuchMethodError'{0x000000008b016210}: 'java.lang.Object java.lang.invoke.DirectMethodHandle$Holder.invokeStatic(java.lang.Object, java.lang.Object, java.lang.Object, java.lang.Object, java.lang.Object, java.lang.Object, java.lang.Object, java.lang.Object, java.lang.Object, java.lang.Object, java.lang.Object, int, int, java.lang.Object, java.lang.Object)'> (0x000000008b016210) thrown at [src/hotspot/share/interpreter/linkResolver.cpp, line 772]
Event: 4.769 Thread 0x00007fc618017800 Exception <a 'java/lang/NoSuchMethodError'{0x000000008b072a40}: 'int java.lang.invoke.DirectMethodHandle$Holder.invokeStaticInit(java.lang.Object, java.lang.Object)'> (0x000000008b072a40) thrown at [src/hotspot/share/interpreter/linkResolver.cpp, line 772]
Event: 4.770 Thread 0x00007fc618017800 Exception <a 'java/lang/NoSuchMethodError'{0x000000008b07a780}: 'void java.lang.invoke.DirectMethodHandle$Holder.invokeStaticInit(java.lang.Object, java.lang.Object, java.lang.Object)'> (0x000000008b07a780) thrown at [src/hotspot/share/interpreter/linkResolver.cpp, line 772]
Event: 4.890 Thread 0x00007fc618017800 Exception <a 'java/lang/NoSuchMethodError'{0x000000008d98cc20}: 'java.lang.Object java.lang.invoke.DirectMethodHandle$Holder.invokeStatic(java.lang.Object, java.lang.Object, java.lang.Object, java.lang.Object, java.lang.Object, java.lang.Object, java.lang.Object, java.lang.Object, java.lang.Object, java.lang.Object, java.lang.Object, java.lang.Object, java.lang.Object, java.lang.Object, java.lang.Object)'> (0x000000008d98cc20) thrown at [src/hotspot/share/interpreter/linkResolver.cpp, line 772]
Event: 4.891 Thread 0x00007fc618017800 Exception <a 'java/lang/NoSuchMethodError'{0x000000008d99ac28}: 'java.lang.Object java.lang.invoke.DirectMethodHandle$Holder.invokeStatic(java.lang.Object, java.lang.Object, java.lang.Object, java.lang.Object, java.lang.Object, java.lang.Object, java.lang.Object, java.lang.Object, java.lang.Object, java.lang.Object, java.lang.Object, java.lang.Object, java.lang.Object, java.lang.Object, java.lang.Object, java.lang.Object)'> (0x000000008d99ac28) thrown at [src/hotspot/share/interpreter/linkResolver.cpp, lin
Event: 4.895 Thread 0x00007fc618017800 Exception <a 'java/lang/NoSuchMethodError'{0x000000008d9a8b40}: 'java.lang.Object java.lang.invoke.DirectMethodHandle$Holder.invokeSpecial(java.lang.Object, java.lang.Object, int, int, java.lang.Object, java.lang.Object, java.lang.Object)'> (0x000000008d9a8b40) thrown at [src/hotspot/share/interpreter/linkResolver.cpp, line 772]
Event: 4.896 Thread 0x00007fc618017800 Exception <a 'java/lang/NoSuchMethodError'{0x000000008d9ac378}: 'java.lang.Object java.lang.invoke.DelegatingMethodHandle$Holder.reinvoke_L(java.lang.Object, int, int, java.lang.Object, java.lang.Object, java.lang.Object)'> (0x000000008d9ac378) thrown at [src/hotspot/share/interpreter/linkResolver.cpp, line 772]
Event: 4.896 Thread 0x00007fc618017800 Exception <a 'java/lang/NoSuchMethodError'{0x000000008d9b09a8}: 'java.lang.Object java.lang.invoke.DirectMethodHandle$Holder.invokeStatic(java.lang.Object, java.lang.Object, java.lang.Object, java.lang.Object, int)'> (0x000000008d9b09a8) thrown at [src/hotspot/share/interpreter/linkResolver.cpp, line 772]
Event: 5.151 Thread 0x00007fc618017800 Exception <a 'java/lang/ClassNotFoundException'{0x000000008d3fc5c0}: sun/util/logging/resources/spi/loggingProvider> (0x000000008d3fc5c0) thrown at [src/hotspot/share/classfile/systemDictionary.cpp, line 231]

Events (20 events):
Event: 5.665 Executing VM operation: RevokeBias done
Event: 5.827 Executing VM operation: RevokeBias
Event: 5.827 Executing VM operation: RevokeBias done
Event: 5.988 Executing VM operation: G1CollectForAllocation
Event: 6.010 Executing VM operation: G1CollectForAllocation done
Event: 6.028 Executing VM operation: RevokeBias
Event: 6.028 Executing VM operation: RevokeBias done
Event: 6.380 Executing VM operation: RevokeBias
Event: 6.380 Executing VM operation: RevokeBias done
Event: 6.397 Executing VM operation: RevokeBias
Event: 6.397 Executing VM operation: RevokeBias done
Event: 6.398 Executing VM operation: RevokeBias
Event: 6.403 Executing VM operation: RevokeBias done
Event: 6.461 Executing VM operation: RevokeBias
Event: 6.461 Executing VM operation: RevokeBias done
Event: 6.475 Executing VM operation: RevokeBias
Event: 6.475 Executing VM operation: RevokeBias done
Event: 6.477 Executing VM operation: RevokeBias
Event: 6.477 Executing VM operation: RevokeBias done
Event: 6.515 Executing VM operation: G1CollectForAllocation


Dynamic libraries:
84400000-8da00000 rw-p 00000000 00:00 0 
8da00000-ffe00000 ---p 00000000 00:00 0 
ffe00000-ffe47000 rw-p 01114000 08:02 1967401                            /usr/lib/jvm/java-11-openjdk-amd64/lib/server/classes.jsa
ffe47000-fff00000 rw-p 00000000 00:00 0 
fff00000-fff6b000 rw-p 010a9000 08:02 1967401                            /usr/lib/jvm/java-11-openjdk-amd64/lib/server/classes.jsa
fff6b000-100000000 rw-p 00000000 00:00 0 
800000000-800002000 rwxp 00001000 08:02 1967401                          /usr/lib/jvm/java-11-openjdk-amd64/lib/server/classes.jsa
800002000-8003b7000 rw-p 00003000 08:02 1967401                          /usr/lib/jvm/java-11-openjdk-amd64/lib/server/classes.jsa
8003b7000-800a97000 r--p 003b8000 08:02 1967401                          /usr/lib/jvm/java-11-openjdk-amd64/lib/server/classes.jsa
800a97000-800a98000 rw-p 00a98000 08:02 1967401                          /usr/lib/jvm/java-11-openjdk-amd64/lib/server/classes.jsa
800a98000-8010a8000 r--p 00a99000 08:02 1967401                          /usr/lib/jvm/java-11-openjdk-amd64/lib/server/classes.jsa
840000000-8402e0000 rw-p 00000000 00:00 0 
8402e0000-880000000 ---p 00000000 00:00 0 
55f742dac000-55f742dad000 r--p 00000000 08:02 1966823                    /usr/lib/jvm/java-11-openjdk-amd64/bin/java
55f742dad000-55f742dae000 r-xp 00001000 08:02 1966823                    /usr/lib/jvm/java-11-openjdk-amd64/bin/java
55f742dae000-55f742daf000 r--p 00002000 08:02 1966823                    /usr/lib/jvm/java-11-openjdk-amd64/bin/java
55f742daf000-55f742db0000 r--p 00002000 08:02 1966823                    /usr/lib/jvm/java-11-openjdk-amd64/bin/java
55f742db0000-55f742db1000 rw-p 00003000 08:02 1966823                    /usr/lib/jvm/java-11-openjdk-amd64/bin/java
55f74301b000-55f74303c000 rw-p 00000000 00:00 0                          [heap]
7fc59c000000-7fc59c021000 rw-p 00000000 00:00 0 
7fc59c021000-7fc5a0000000 ---p 00000000 00:00 0 
7fc5a0000000-7fc5a11d8000 rw-p 00000000 00:00 0 
7fc5a11d8000-7fc5a4000000 ---p 00000000 00:00 0 
7fc5a4000000-7fc5a4024000 rw-p 00000000 00:00 0 
7fc5a4024000-7fc5a8000000 ---p 00000000 00:00 0 
7fc5a8000000-7fc5a8021000 rw-p 00000000 00:00 0 
7fc5a8021000-7fc5ac000000 ---p 00000000 00:00 0 
7fc5aeefd000-7fc5aef01000 ---p 00000000 00:00 0 
7fc5aef01000-7fc5aeffe000 rw-p 00000000 00:00 0 
7fc5aeffe000-7fc5af002000 ---p 00000000 00:00 0 
7fc5af002000-7fc5af23f000 rw-p 00000000 00:00 0 
7fc5af23f000-7fc5af2ff000 ---p 00000000 00:00 0 
7fc5af2ff000-7fc5af4ff000 rw-p 00000000 00:00 0 
7fc5af4ff000-7fc5af6ff000 rw-p 00000000 00:00 0 
7fc5af6ff000-7fc5af8ff000 rw-p 00000000 00:00 0 
7fc5af8ff000-7fc5afaff000 rw-p 00000000 00:00 0 
7fc5afaff000-7fc5afcff000 rw-p 00000000 00:00 0 
7fc5afcff000-7fc5afeff000 rw-p 00000000 00:00 0 
7fc5afeff000-7fc5aff03000 ---p 00000000 00:00 0 
7fc5aff03000-7fc5b0000000 rw-p 00000000 00:00 0 
7fc5b0000000-7fc5b1369000 rw-p 00000000 00:00 0 
7fc5b1369000-7fc5b4000000 ---p 00000000 00:00 0 
7fc5b4000000-7fc5b4021000 rw-p 00000000 00:00 0 
7fc5b4021000-7fc5b8000000 ---p 00000000 00:00 0 
7fc5b8000000-7fc5b8021000 rw-p 00000000 00:00 0 
7fc5b8021000-7fc5bc000000 ---p 00000000 00:00 0 
7fc5bc000000-7fc5bc021000 rw-p 00000000 00:00 0 
7fc5bc021000-7fc5c0000000 ---p 00000000 00:00 0 
7fc5c0000000-7fc5c0021000 rw-p 00000000 00:00 0 
7fc5c0021000-7fc5c4000000 ---p 00000000 00:00 0 
7fc5c4000000-7fc5c4021000 rw-p 00000000 00:00 0 
7fc5c4021000-7fc5c8000000 ---p 00000000 00:00 0 
7fc5c8000000-7fc5c9244000 rw-p 00000000 00:00 0 
7fc5c9244000-7fc5cc000000 ---p 00000000 00:00 0 
7fc5cc000000-7fc5cca53000 rw-p 00000000 00:00 0 
7fc5cca53000-7fc5d0000000 ---p 00000000 00:00 0 
7fc5d0000000-7fc5d0021000 rw-p 00000000 00:00 0 
7fc5d0021000-7fc5d4000000 ---p 00000000 00:00 0 
7fc5d4000000-7fc5d4021000 rw-p 00000000 00:00 0 
7fc5d4021000-7fc5d8000000 ---p 00000000 00:00 0 
7fc5d8000000-7fc5d8021000 rw-p 00000000 00:00 0 
7fc5d8021000-7fc5dc000000 ---p 00000000 00:00 0 
7fc5dc000000-7fc5dc021000 rw-p 00000000 00:00 0 
7fc5dc021000-7fc5e0000000 ---p 00000000 00:00 0 
7fc5e0000000-7fc5e0021000 rw-p 00000000 00:00 0 
7fc5e0021000-7fc5e4000000 ---p 00000000 00:00 0 
7fc5e4000000-7fc5e40c8000 rw-p 00000000 00:00 0 
7fc5e40c8000-7fc5e8000000 ---p 00000000 00:00 0 
7fc5e8000000-7fc5e8021000 rw-p 00000000 00:00 0 
7fc5e8021000-7fc5ec000000 ---p 00000000 00:00 0 
7fc5ec000000-7fc5ec021000 rw-p 00000000 00:00 0 
7fc5ec021000-7fc5f0000000 ---p 00000000 00:00 0 
7fc5f0014000-7fc5f0015000 ---p 00000000 00:00 0 
7fc5f0015000-7fc5f0116000 rw-p 00000000 00:00 0 
7fc5f0116000-7fc5f0117000 ---p 00000000 00:00 0 
7fc5f0117000-7fc5f0218000 rw-p 00000000 00:00 0 
7fc5f0218000-7fc5f021b000 r-xp 00000000 08:02 4197612                    /tmp/jansi-2.4.0-c4507e9106769326-libjansi.so
7fc5f021b000-7fc5f041a000 ---p 00003000 08:02 4197612                    /tmp/jansi-2.4.0-c4507e9106769326-libjansi.so
7fc5f041a000-7fc5f041b000 rw-p 00002000 08:02 4197612                    /tmp/jansi-2.4.0-c4507e9106769326-libjansi.so
7fc5f041b000-7fc5f041f000 ---p 00000000 00:00 0 
7fc5f041f000-7fc5f051c000 rw-p 00000000 00:00 0 
7fc5f051c000-7fc5f051d000 ---p 00000000 00:00 0 
7fc5f051d000-7fc5f061e000 rw-p 00000000 00:00 0 
7fc5f061e000-7fc5f0622000 ---p 00000000 00:00 0 
7fc5f0622000-7fc5f071f000 rw-p 00000000 00:00 0 
7fc5f071f000-7fc5f0723000 ---p 00000000 00:00 0 
7fc5f0723000-7fc5f0820000 rw-p 00000000 00:00 0 
7fc5f0820000-7fc5f0824000 ---p 00000000 00:00 0 
7fc5f0824000-7fc5f0921000 rw-p 00000000 00:00 0 
7fc5f0921000-7fc5f0925000 ---p 00000000 00:00 0 
7fc5f0925000-7fc5f0a22000 rw-p 00000000 00:00 0 
7fc5f0a22000-7fc5f1800000 r--p 00000000 08:02 1841594                    /usr/lib/locale/locale-archive
7fc5f1800000-7fc5f4000000 rw-p 00000000 00:00 0 
7fc5f4000000-7fc5f4021000 rw-p 00000000 00:00 0 
7fc5f4021000-7fc5f8000000 ---p 00000000 00:00 0 
7fc5f801e000-7fc5f8022000 ---p 00000000 00:00 0 
7fc5f8022000-7fc5f811f000 rw-p 00000000 00:00 0 
7fc5f811f000-7fc5f8123000 ---p 00000000 00:00 0 
7fc5f8123000-7fc5f8478000 rw-p 00000000 00:00 0 
7fc5f8478000-7fc5fa108000 ---p 00000000 00:00 0 
7fc5fa108000-7fc5fa368000 rw-p 00000000 00:00 0 
7fc5fa368000-7fc5fbff8000 ---p 00000000 00:00 0 
7fc5fbff8000-7fc5fc000000 rw-p 00000000 00:00 0 
7fc5fc000000-7fc5fc021000 rw-p 00000000 00:00 0 
7fc5fc021000-7fc600000000 ---p 00000000 00:00 0 
7fc600086000-7fc600088000 r--p 00000000 08:02 1966970                    /usr/lib/jvm/java-11-openjdk-amd64/lib/libmanagement_ext.so
7fc600088000-7fc60008b000 r-xp 00002000 08:02 1966970                    /usr/lib/jvm/java-11-openjdk-amd64/lib/libmanagement_ext.so
7fc60008b000-7fc60008d000 r--p 00005000 08:02 1966970                    /usr/lib/jvm/java-11-openjdk-amd64/lib/libmanagement_ext.so
7fc60008d000-7fc60008e000 r--p 00006000 08:02 1966970                    /usr/lib/jvm/java-11-openjdk-amd64/lib/libmanagement_ext.so
7fc60008e000-7fc60008f000 rw-p 00007000 08:02 1966970                    /usr/lib/jvm/java-11-openjdk-amd64/lib/libmanagement_ext.so
7fc60008f000-7fc600092000 r--p 00000000 08:02 1966968                    /usr/lib/jvm/java-11-openjdk-amd64/lib/libmanagement.so
7fc600092000-7fc600093000 r-xp 00003000 08:02 1966968                    /usr/lib/jvm/java-11-openjdk-amd64/lib/libmanagement.so
7fc600093000-7fc600094000 r--p 00004000 08:02 1966968                    /usr/lib/jvm/java-11-openjdk-amd64/lib/libmanagement.so
7fc600094000-7fc600095000 r--p 00004000 08:02 1966968                    /usr/lib/jvm/java-11-openjdk-amd64/lib/libmanagement.so
7fc600095000-7fc600096000 rw-p 00005000 08:02 1966968                    /usr/lib/jvm/java-11-openjdk-amd64/lib/libmanagement.so
7fc600096000-7fc600097000 r--p 00000000 08:02 1966954                    /usr/lib/jvm/java-11-openjdk-amd64/lib/libextnet.so
7fc600097000-7fc600098000 r-xp 00001000 08:02 1966954                    /usr/lib/jvm/java-11-openjdk-amd64/lib/libextnet.so
7fc600098000-7fc600099000 r--p 00002000 08:02 1966954                    /usr/lib/jvm/java-11-openjdk-amd64/lib/libextnet.so
7fc600099000-7fc60009a000 r--p 00002000 08:02 1966954                    /usr/lib/jvm/java-11-openjdk-amd64/lib/libextnet.so
7fc60009a000-7fc60009b000 rw-p 00003000 08:02 1966954                    /usr/lib/jvm/java-11-openjdk-amd64/lib/libextnet.so
7fc60009b000-7fc60009f000 r--p 00000000 08:02 1966972                    /usr/lib/jvm/java-11-openjdk-amd64/lib/libnet.so
7fc60009f000-7fc6000ae000 r-xp 00004000 08:02 1966972                    /usr/lib/jvm/java-11-openjdk-amd64/lib/libnet.so
7fc6000ae000-7fc6000b2000 r--p 00013000 08:02 1966972                    /usr/lib/jvm/java-11-openjdk-amd64/lib/libnet.so
7fc6000b2000-7fc6000b3000 r--p 00016000 08:02 1966972                    /usr/lib/jvm/java-11-openjdk-amd64/lib/libnet.so
7fc6000b3000-7fc6000b4000 rw-p 00017000 08:02 1966972                    /usr/lib/jvm/java-11-openjdk-amd64/lib/libnet.so
7fc6000b4000-7fc6000bb000 r--p 00000000 08:02 1966973                    /usr/lib/jvm/java-11-openjdk-amd64/lib/libnio.so
7fc6000bb000-7fc6000c3000 r-xp 00007000 08:02 1966973                    /usr/lib/jvm/java-11-openjdk-amd64/lib/libnio.so
7fc6000c3000-7fc6000c6000 r--p 0000f000 08:02 1966973                    /usr/lib/jvm/java-11-openjdk-amd64/lib/libnio.so
7fc6000c6000-7fc6000c7000 r--p 00011000 08:02 1966973                    /usr/lib/jvm/java-11-openjdk-amd64/lib/libnio.so
7fc6000c7000-7fc6000c8000 rw-p 00012000 08:02 1966973                    /usr/lib/jvm/java-11-openjdk-amd64/lib/libnio.so
7fc6000c8000-7fc6000cc000 ---p 00000000 00:00 0 
7fc6000cc000-7fc6001c9000 rw-p 00000000 00:00 0 
7fc6001c9000-7fc6001cd000 ---p 00000000 00:00 0 
7fc6001cd000-7fc6002ca000 rw-p 00000000 00:00 0 
7fc6002ca000-7fc6002ce000 ---p 00000000 00:00 0 
7fc6002ce000-7fc6003cb000 rw-p 00000000 00:00 0 
7fc6003cb000-7fc6003cc000 ---p 00000000 00:00 0 
7fc6003cc000-7fc60054e000 rw-p 00000000 00:00 0 
7fc60054e000-7fc60054f000 ---p 00000000 00:00 0 
7fc60054f000-7fc600650000 rw-p 00000000 00:00 0 
7fc600650000-7fc600651000 ---p 00000000 00:00 0 
7fc600651000-7fc600853000 rw-p 00000000 00:00 0 
7fc600853000-7fc600ac3000 rwxp 00000000 00:00 0 
7fc600ac3000-7fc600de3000 ---p 00000000 00:00 0 
7fc600de3000-7fc601923000 rwxp 00000000 00:00 0 
7fc601923000-7fc60831b000 ---p 00000000 00:00 0 
7fc60831b000-7fc60859b000 rwxp 00000000 00:00 0 
7fc60859b000-7fc60f853000 ---p 00000000 00:00 0 
7fc60f853000-7fc618000000 r--s 00000000 08:02 1966982                    /usr/lib/jvm/java-11-openjdk-amd64/lib/modules
7fc618000000-7fc619215000 rw-p 00000000 00:00 0 
7fc619215000-7fc61c000000 ---p 00000000 00:00 0 
7fc61c002000-7fc61c360000 rw-p 00000000 00:00 0 
7fc61c360000-7fc61c361000 ---p 00000000 00:00 0 
7fc61c361000-7fc61c462000 rw-p 00000000 00:00 0 
7fc61c462000-7fc61c463000 ---p 00000000 00:00 0 
7fc61c463000-7fc61c5f1000 rw-p 00000000 00:00 0 
7fc61c5f1000-7fc61c983000 ---p 00000000 00:00 0 
7fc61c983000-7fc61c9cf000 rw-p 00000000 00:00 0 
7fc61c9cf000-7fc61cd61000 ---p 00000000 00:00 0 
7fc61cd61000-7fc61cdad000 rw-p 00000000 00:00 0 
7fc61cdad000-7fc61d13f000 ---p 00000000 00:00 0 
7fc61d13f000-7fc61d544000 rw-p 00000000 00:00 0 
7fc61d544000-7fc61d545000 ---p 00000000 00:00 0 
7fc61d545000-7fc61d64b000 rw-p 00000000 00:00 0 
7fc61d64b000-7fc61d731000 ---p 00000000 00:00 0 
7fc61d731000-7fc61d748000 rw-p 00000000 00:00 0 
7fc61d748000-7fc61d81c000 ---p 00000000 00:00 0 
7fc61d81c000-7fc61d821000 rw-p 00000000 00:00 0 
7fc61d821000-7fc61d828000 ---p 00000000 00:00 0 
7fc61d828000-7fc61d82a000 r--s 0000c000 08:02 2624475                    /usr/share/java/java-atk-wrapper.jar
7fc61d82a000-7fc61d82d000 r--p 00000000 08:02 1842987                    /usr/lib/x86_64-linux-gnu/libnss_files-2.31.so
7fc61d82d000-7fc61d834000 r-xp 00003000 08:02 1842987                    /usr/lib/x86_64-linux-gnu/libnss_files-2.31.so
7fc61d834000-7fc61d836000 r--p 0000a000 08:02 1842987                    /usr/lib/x86_64-linux-gnu/libnss_files-2.31.so
7fc61d836000-7fc61d837000 r--p 0000b000 08:02 1842987                    /usr/lib/x86_64-linux-gnu/libnss_files-2.31.so
7fc61d837000-7fc61d838000 rw-p 0000c000 08:02 1842987                    /usr/lib/x86_64-linux-gnu/libnss_files-2.31.so
7fc61d838000-7fc61d83e000 rw-p 00000000 00:00 0 
7fc61d83f000-7fc61d841000 r--p 00000000 08:02 1966981                    /usr/lib/jvm/java-11-openjdk-amd64/lib/libzip.so
7fc61d841000-7fc61d845000 r-xp 00002000 08:02 1966981                    /usr/lib/jvm/java-11-openjdk-amd64/lib/libzip.so
7fc61d845000-7fc61d847000 r--p 00006000 08:02 1966981                    /usr/lib/jvm/java-11-openjdk-amd64/lib/libzip.so
7fc61d847000-7fc61d848000 r--p 00007000 08:02 1966981                    /usr/lib/jvm/java-11-openjdk-amd64/lib/libzip.so
7fc61d848000-7fc61d849000 rw-p 00008000 08:02 1966981                    /usr/lib/jvm/java-11-openjdk-amd64/lib/libzip.so
7fc61d849000-7fc61d851000 rw-s 00000000 08:02 4328607                    /tmp/hsperfdata_liyang/21519
7fc61d851000-7fc61d853000 r--p 00000000 08:02 1966956                    /usr/lib/jvm/java-11-openjdk-amd64/lib/libinstrument.so
7fc61d853000-7fc61d859000 r-xp 00002000 08:02 1966956                    /usr/lib/jvm/java-11-openjdk-amd64/lib/libinstrument.so
7fc61d859000-7fc61d85c000 r--p 00008000 08:02 1966956                    /usr/lib/jvm/java-11-openjdk-amd64/lib/libinstrument.so
7fc61d85c000-7fc61d85d000 r--p 0000a000 08:02 1966956                    /usr/lib/jvm/java-11-openjdk-amd64/lib/libinstrument.so
7fc61d85d000-7fc61d85e000 rw-p 0000b000 08:02 1966956                    /usr/lib/jvm/java-11-openjdk-amd64/lib/libinstrument.so
7fc61d85e000-7fc61d85f000 ---p 00000000 00:00 0 
7fc61d85f000-7fc61d860000 r--p 00000000 00:00 0 
7fc61d860000-7fc61d862000 r--p 00000000 08:02 1966964                    /usr/lib/jvm/java-11-openjdk-amd64/lib/libjimage.so
7fc61d862000-7fc61d865000 r-xp 00002000 08:02 1966964                    /usr/lib/jvm/java-11-openjdk-amd64/lib/libjimage.so
7fc61d865000-7fc61d866000 r--p 00005000 08:02 1966964                    /usr/lib/jvm/java-11-openjdk-amd64/lib/libjimage.so
7fc61d866000-7fc61d867000 ---p 00006000 08:02 1966964                    /usr/lib/jvm/java-11-openjdk-amd64/lib/libjimage.so
7fc61d867000-7fc61d868000 r--p 00006000 08:02 1966964                    /usr/lib/jvm/java-11-openjdk-amd64/lib/libjimage.so
7fc61d868000-7fc61d869000 rw-p 00007000 08:02 1966964                    /usr/lib/jvm/java-11-openjdk-amd64/lib/libjimage.so
7fc61d869000-7fc61d877000 r--p 00000000 08:02 1966961                    /usr/lib/jvm/java-11-openjdk-amd64/lib/libjava.so
7fc61d877000-7fc61d88d000 r-xp 0000e000 08:02 1966961                    /usr/lib/jvm/java-11-openjdk-amd64/lib/libjava.so
7fc61d88d000-7fc61d894000 r--p 00024000 08:02 1966961                    /usr/lib/jvm/java-11-openjdk-amd64/lib/libjava.so
7fc61d894000-7fc61d895000 r--p 0002a000 08:02 1966961                    /usr/lib/jvm/java-11-openjdk-amd64/lib/libjava.so
7fc61d895000-7fc61d896000 rw-p 0002b000 08:02 1966961                    /usr/lib/jvm/java-11-openjdk-amd64/lib/libjava.so
7fc61d896000-7fc61d897000 rw-p 00000000 00:00 0 
7fc61d897000-7fc61d89a000 r--p 00000000 08:02 1843189                    /usr/lib/x86_64-linux-gnu/librt-2.31.so
7fc61d89a000-7fc61d89e000 r-xp 00003000 08:02 1843189                    /usr/lib/x86_64-linux-gnu/librt-2.31.so
7fc61d89e000-7fc61d89f000 r--p 00007000 08:02 1843189                    /usr/lib/x86_64-linux-gnu/librt-2.31.so
7fc61d89f000-7fc61d8a0000 ---p 00008000 08:02 1843189                    /usr/lib/x86_64-linux-gnu/librt-2.31.so
7fc61d8a0000-7fc61d8a1000 r--p 00008000 08:02 1843189                    /usr/lib/x86_64-linux-gnu/librt-2.31.so
7fc61d8a1000-7fc61d8a2000 rw-p 00009000 08:02 1843189                    /usr/lib/x86_64-linux-gnu/librt-2.31.so
7fc61d8a2000-7fc61d8a6000 ---p 00000000 00:00 0 
7fc61d8a6000-7fc61d9a3000 rw-p 00000000 00:00 0 
7fc61d9a3000-7fc61d9a6000 r--p 00000000 08:02 1836308                    /usr/lib/x86_64-linux-gnu/libgcc_s.so.1
7fc61d9a6000-7fc61d9b8000 r-xp 00003000 08:02 1836308                    /usr/lib/x86_64-linux-gnu/libgcc_s.so.1
7fc61d9b8000-7fc61d9bc000 r--p 00015000 08:02 1836308                    /usr/lib/x86_64-linux-gnu/libgcc_s.so.1
7fc61d9bc000-7fc61d9bd000 r--p 00018000 08:02 1836308                    /usr/lib/x86_64-linux-gnu/libgcc_s.so.1
7fc61d9bd000-7fc61d9be000 rw-p 00019000 08:02 1836308                    /usr/lib/x86_64-linux-gnu/libgcc_s.so.1
7fc61d9be000-7fc61d9cd000 r--p 00000000 08:02 1842866                    /usr/lib/x86_64-linux-gnu/libm-2.31.so
7fc61d9cd000-7fc61da74000 r-xp 0000f000 08:02 1842866                    /usr/lib/x86_64-linux-gnu/libm-2.31.so
7fc61da74000-7fc61db0b000 r--p 000b6000 08:02 1842866                    /usr/lib/x86_64-linux-gnu/libm-2.31.so
7fc61db0b000-7fc61db0c000 r--p 0014c000 08:02 1842866                    /usr/lib/x86_64-linux-gnu/libm-2.31.so
7fc61db0c000-7fc61db0d000 rw-p 0014d000 08:02 1842866                    /usr/lib/x86_64-linux-gnu/libm-2.31.so
7fc61db0d000-7fc61dba3000 r--p 00000000 08:02 1835843                    /usr/lib/x86_64-linux-gnu/libstdc++.so.6.0.28
7fc61dba3000-7fc61dc94000 r-xp 00096000 08:02 1835843                    /usr/lib/x86_64-linux-gnu/libstdc++.so.6.0.28
7fc61dc94000-7fc61dcdd000 r--p 00187000 08:02 1835843                    /usr/lib/x86_64-linux-gnu/libstdc++.so.6.0.28
7fc61dcdd000-7fc61dcde000 ---p 001d0000 08:02 1835843                    /usr/lib/x86_64-linux-gnu/libstdc++.so.6.0.28
7fc61dcde000-7fc61dce9000 r--p 001d0000 08:02 1835843                    /usr/lib/x86_64-linux-gnu/libstdc++.so.6.0.28
7fc61dce9000-7fc61dcec000 rw-p 001db000 08:02 1835843                    /usr/lib/x86_64-linux-gnu/libstdc++.so.6.0.28
7fc61dcec000-7fc61dcef000 rw-p 00000000 00:00 0 
7fc61dcef000-7fc61df70000 r--p 00000000 08:02 1966987                    /usr/lib/jvm/java-11-openjdk-amd64/lib/server/libjvm.so
7fc61df70000-7fc61ebf0000 r-xp 00281000 08:02 1966987                    /usr/lib/jvm/java-11-openjdk-amd64/lib/server/libjvm.so
7fc61ebf0000-7fc61ee4b000 r--p 00f01000 08:02 1966987                    /usr/lib/jvm/java-11-openjdk-amd64/lib/server/libjvm.so
7fc61ee4b000-7fc61ef0f000 r--p 0115b000 08:02 1966987                    /usr/lib/jvm/java-11-openjdk-amd64/lib/server/libjvm.so
7fc61ef0f000-7fc61ef4a000 rw-p 0121f000 08:02 1966987                    /usr/lib/jvm/java-11-openjdk-amd64/lib/server/libjvm.so
7fc61ef4a000-7fc61efa3000 rw-p 00000000 00:00 0 
7fc61efa3000-7fc61efaa000 r--p 00000000 08:02 1843128                    /usr/lib/x86_64-linux-gnu/libpthread-2.31.so
7fc61efaa000-7fc61efbb000 r-xp 00007000 08:02 1843128                    /usr/lib/x86_64-linux-gnu/libpthread-2.31.so
7fc61efbb000-7fc61efc0000 r--p 00018000 08:02 1843128                    /usr/lib/x86_64-linux-gnu/libpthread-2.31.so
7fc61efc0000-7fc61efc1000 r--p 0001c000 08:02 1843128                    /usr/lib/x86_64-linux-gnu/libpthread-2.31.so
7fc61efc1000-7fc61efc2000 rw-p 0001d000 08:02 1843128                    /usr/lib/x86_64-linux-gnu/libpthread-2.31.so
7fc61efc2000-7fc61efc6000 rw-p 00000000 00:00 0 
7fc61efc6000-7fc61efc7000 r--p 00000000 08:02 1842361                    /usr/lib/x86_64-linux-gnu/libdl-2.31.so
7fc61efc7000-7fc61efc9000 r-xp 00001000 08:02 1842361                    /usr/lib/x86_64-linux-gnu/libdl-2.31.so
7fc61efc9000-7fc61efca000 r--p 00003000 08:02 1842361                    /usr/lib/x86_64-linux-gnu/libdl-2.31.so
7fc61efca000-7fc61efcb000 r--p 00003000 08:02 1842361                    /usr/lib/x86_64-linux-gnu/libdl-2.31.so
7fc61efcb000-7fc61efcc000 rw-p 00004000 08:02 1842361                    /usr/lib/x86_64-linux-gnu/libdl-2.31.so
7fc61efcc000-7fc61efce000 r--p 00000000 08:02 1843542                    /usr/lib/x86_64-linux-gnu/libz.so.1.2.11
7fc61efce000-7fc61efdf000 r-xp 00002000 08:02 1843542                    /usr/lib/x86_64-linux-gnu/libz.so.1.2.11
7fc61efdf000-7fc61efe5000 r--p 00013000 08:02 1843542                    /usr/lib/x86_64-linux-gnu/libz.so.1.2.11
7fc61efe5000-7fc61efe6000 ---p 00019000 08:02 1843542                    /usr/lib/x86_64-linux-gnu/libz.so.1.2.11
7fc61efe6000-7fc61efe7000 r--p 00019000 08:02 1843542                    /usr/lib/x86_64-linux-gnu/libz.so.1.2.11
7fc61efe7000-7fc61efe8000 rw-p 0001a000 08:02 1843542                    /usr/lib/x86_64-linux-gnu/libz.so.1.2.11
7fc61efe8000-7fc61f00d000 r--p 00000000 08:02 1842226                    /usr/lib/x86_64-linux-gnu/libc-2.31.so
7fc61f00d000-7fc61f185000 r-xp 00025000 08:02 1842226                    /usr/lib/x86_64-linux-gnu/libc-2.31.so
7fc61f185000-7fc61f1cf000 r--p 0019d000 08:02 1842226                    /usr/lib/x86_64-linux-gnu/libc-2.31.so
7fc61f1cf000-7fc61f1d0000 ---p 001e7000 08:02 1842226                    /usr/lib/x86_64-linux-gnu/libc-2.31.so
7fc61f1d0000-7fc61f1d3000 r--p 001e7000 08:02 1842226                    /usr/lib/x86_64-linux-gnu/libc-2.31.so
7fc61f1d3000-7fc61f1d6000 rw-p 001ea000 08:02 1842226                    /usr/lib/x86_64-linux-gnu/libc-2.31.so
7fc61f1d6000-7fc61f1da000 rw-p 00000000 00:00 0 
7fc61f1db000-7fc61f1e0000 r--p 00000000 08:02 1966980                    /usr/lib/jvm/java-11-openjdk-amd64/lib/libverify.so
7fc61f1e0000-7fc61f1e7000 r-xp 00005000 08:02 1966980                    /usr/lib/jvm/java-11-openjdk-amd64/lib/libverify.so
7fc61f1e7000-7fc61f1e9000 r--p 0000c000 08:02 1966980                    /usr/lib/jvm/java-11-openjdk-amd64/lib/libverify.so
7fc61f1e9000-7fc61f1ea000 ---p 0000e000 08:02 1966980                    /usr/lib/jvm/java-11-openjdk-amd64/lib/libverify.so
7fc61f1ea000-7fc61f1ec000 r--p 0000e000 08:02 1966980                    /usr/lib/jvm/java-11-openjdk-amd64/lib/libverify.so
7fc61f1ec000-7fc61f1ed000 rw-p 00010000 08:02 1966980                    /usr/lib/jvm/java-11-openjdk-amd64/lib/libverify.so
7fc61f1ed000-7fc61f1f0000 r--p 00000000 08:02 1966946                    /usr/lib/jvm/java-11-openjdk-amd64/lib/jli/libjli.so
7fc61f1f0000-7fc61f1fa000 r-xp 00003000 08:02 1966946                    /usr/lib/jvm/java-11-openjdk-amd64/lib/jli/libjli.so
7fc61f1fa000-7fc61f1fd000 r--p 0000d000 08:02 1966946                    /usr/lib/jvm/java-11-openjdk-amd64/lib/jli/libjli.so
7fc61f1fd000-7fc61f1fe000 ---p 00010000 08:02 1966946                    /usr/lib/jvm/java-11-openjdk-amd64/lib/jli/libjli.so
7fc61f1fe000-7fc61f1ff000 r--p 00010000 08:02 1966946                    /usr/lib/jvm/java-11-openjdk-amd64/lib/jli/libjli.so
7fc61f1ff000-7fc61f200000 rw-p 00011000 08:02 1966946                    /usr/lib/jvm/java-11-openjdk-amd64/lib/jli/libjli.so
7fc61f200000-7fc61f202000 rw-p 00000000 00:00 0 
7fc61f202000-7fc61f203000 r--p 00000000 08:02 1842012                    /usr/lib/x86_64-linux-gnu/ld-2.31.so
7fc61f203000-7fc61f226000 r-xp 00001000 08:02 1842012                    /usr/lib/x86_64-linux-gnu/ld-2.31.so
7fc61f226000-7fc61f22e000 r--p 00024000 08:02 1842012                    /usr/lib/x86_64-linux-gnu/ld-2.31.so
7fc61f22f000-7fc61f230000 r--p 0002c000 08:02 1842012                    /usr/lib/x86_64-linux-gnu/ld-2.31.so
7fc61f230000-7fc61f231000 rw-p 0002d000 08:02 1842012                    /usr/lib/x86_64-linux-gnu/ld-2.31.so
7fc61f231000-7fc61f232000 rw-p 00000000 00:00 0 
7ffe3bfd8000-7ffe3bff9000 rw-p 00000000 00:00 0                          [stack]
7ffe3bffa000-7ffe3bffe000 r--p 00000000 00:00 0                          [vvar]
7ffe3bffe000-7ffe3c000000 r-xp 00000000 00:00 0                          [vdso]
ffffffffff600000-ffffffffff601000 --xp 00000000 00:00 0                  [vsyscall]


VM Arguments:
jvm_args: -Dmaven.multiModuleProjectDirectory=/home/liyang/IdeaProjects/springboot-mall -Dmaven.home=/home/liyang/.m2/apache-maven-3.8.4 -Dclassworlds.conf=/home/liyang/.m2/apache-maven-3.8.4/bin/m2.conf -Dmaven.ext.class.path=/home/liyang/.local/share/JetBrains/Toolbox/apps/IDEA-U/ch-0/213.5744.223/plugins/maven/lib/maven-event-listener.jar -javaagent:/home/liyang/.local/share/JetBrains/Toolbox/apps/IDEA-U/ch-0/213.5744.223/lib/idea_rt.jar=38407:/home/liyang/.local/share/JetBrains/Toolbox/apps/IDEA-U/ch-0/213.5744.223/bin -Dfile.encoding=UTF-8 
java_command: org.codehaus.classworlds.Launcher -Didea.version=2021.3 -s /home/liyang/.m2/settings.xml -Dmaven.repo.local=/home/liyang/.m2/repository org.apache.tomcat.maven:tomcat7-maven-plugin:2.2:run
java_class_path (initial): /home/liyang/.m2/apache-maven-3.8.4/boot/plexus-classworlds.license:/home/liyang/.m2/apache-maven-3.8.4/boot/plexus-classworlds-2.6.0.jar
Launcher Type: SUN_STANDARD

[Global flags]
     intx CICompilerCount                          = 3                                         {product} {ergonomic}
     uint ConcGCThreads                            = 1                                         {product} {ergonomic}
     uint G1ConcRefinementThreads                  = 4                                         {product} {ergonomic}
   size_t G1HeapRegionSize                         = 1048576                                   {product} {ergonomic}
    uintx GCDrainStackTargetSize                   = 64                                        {product} {ergonomic}
   size_t InitialHeapSize                          = 130023424                                 {product} {ergonomic}
   size_t MarkStackSize                            = 4194304                                   {product} {ergonomic}
   size_t MaxHeapSize                              = 2076180480                                {product} {ergonomic}
   size_t MaxNewSize                               = 1245708288                                {product} {ergonomic}
   size_t MinHeapDeltaBytes                        = 1048576                                   {product} {ergonomic}
    uintx NonNMethodCodeHeapSize                   = 5830732                                {pd product} {ergonomic}
    uintx NonProfiledCodeHeapSize                  = 122913754                              {pd product} {ergonomic}
    uintx ProfiledCodeHeapSize                     = 122913754                              {pd product} {ergonomic}
    uintx ReservedCodeCacheSize                    = 251658240                              {pd product} {ergonomic}
     bool SegmentedCodeCache                       = true                                      {product} {ergonomic}
     bool UseCompressedClassPointers               = true                                 {lp64_product} {ergonomic}
     bool UseCompressedOops                        = true                                 {lp64_product} {ergonomic}
     bool UseG1GC                                  = true                                      {product} {ergonomic}

Logging:
Log output configuration:
 #0: stdout all=warning uptime,level,tags
 #1: stderr all=off uptime,level,tags

Environment Variables:
PATH=/usr/local/sbin:/usr/local/bin:/usr/sbin:/usr/bin:/sbin:/bin:/usr/games:/usr/local/games:/snap/bin
USERNAME=liyang
SHELL=/bin/bash
DISPLAY=:1
LANG=en_US.UTF-8

Signal Handlers:
SIGSEGV: [libjvm.so+0xe8e8d0], sa_mask[0]=11111111011111111101111111111110, sa_flags=SA_RESTART|SA_SIGINFO
SIGBUS: [libjvm.so+0xe8e8d0], sa_mask[0]=11111111011111111101111111111110, sa_flags=SA_RESTART|SA_SIGINFO
SIGFPE: [libjvm.so+0xe8e8d0], sa_mask[0]=11111111011111111101111111111110, sa_flags=SA_RESTART|SA_SIGINFO
SIGPIPE: [libjvm.so+0xbd6910], sa_mask[0]=11111111011111111101111111111110, sa_flags=SA_RESTART|SA_SIGINFO
SIGXFSZ: [libjvm.so+0xbd6910], sa_mask[0]=11111111011111111101111111111110, sa_flags=SA_RESTART|SA_SIGINFO
SIGILL: [libjvm.so+0xe8e8d0], sa_mask[0]=11111111011111111101111111111110, sa_flags=SA_RESTART|SA_SIGINFO
SIGUSR2: [libjvm.so+0xbd67b0], sa_mask[0]=00100000000000000000000000000000, sa_flags=SA_RESTART|SA_SIGINFO
SIGHUP: [libjvm.so+0xbd6c50], sa_mask[0]=11111111011111111101111111111110, sa_flags=SA_RESTART|SA_SIGINFO
SIGINT: [libjvm.so+0xbd6c50], sa_mask[0]=11111111011111111101111111111110, sa_flags=SA_RESTART|SA_SIGINFO
SIGTERM: [libjvm.so+0xbd6c50], sa_mask[0]=11111111011111111101111111111110, sa_flags=SA_RESTART|SA_SIGINFO
SIGQUIT: [libjvm.so+0xbd6c50], sa_mask[0]=11111111011111111101111111111110, sa_flags=SA_RESTART|SA_SIGINFO


---------------  S Y S T E M  ---------------

OS:DISTRIB_ID=Ubuntu
DISTRIB_RELEASE=20.04
DISTRIB_CODENAME=focal
DISTRIB_DESCRIPTION="Ubuntu 20.04.2 LTS"
uname:Linux 5.11.0-43-generic #47~20.04.2-Ubuntu SMP Mon Dec 13 11:06:56 UTC 2021 x86_64
OS uptime: 0 days 5:45 hours
libc:glibc 2.31 NPTL 2.31 
rlimit (soft/hard): STACK 8192k/infinity , CORE 0k/infinity , NPROC 31416/31416 , NOFILE 1048576/1048576 , AS infinity/infinity , CPU infinity/infinity , DATA infinity/infinity , FSIZE infinity/infinity , MEMLOCK 65536k/65536k
load average:1.22 0.74 0.55

/proc/meminfo:
MemTotal:        8108196 kB
MemFree:          213016 kB
MemAvailable:    1620872 kB
Buffers:           96060 kB
Cached:          1554040 kB
SwapCached:        36452 kB
Active:          1556128 kB
Inactive:        5816776 kB
Active(anon):     350516 kB
Inactive(anon):  5429700 kB
Active(file):    1205612 kB
Inactive(file):   387076 kB
Unevictable:          88 kB
Mlocked:              88 kB
SwapTotal:       2097148 kB
SwapFree:        1642428 kB
Dirty:              1004 kB
Writeback:             0 kB
AnonPages:       5693480 kB
Mapped:          1058736 kB
Shmem:             59004 kB
KReclaimable:      79212 kB
Slab:             208940 kB
SReclaimable:      79212 kB
SUnreclaim:       129728 kB
KernelStack:       20800 kB
PageTables:        54316 kB
NFS_Unstable:          0 kB
Bounce:                0 kB
WritebackTmp:          0 kB
CommitLimit:     6151244 kB
Committed_AS:   15668552 kB
VmallocTotal:   34359738367 kB
VmallocUsed:       77200 kB
VmallocChunk:          0 kB
Percpu:             3328 kB
HardwareCorrupted:     0 kB
AnonHugePages:         0 kB
ShmemHugePages:        0 kB
ShmemPmdMapped:        0 kB
FileHugePages:         0 kB
FilePmdMapped:         0 kB
HugePages_Total:       0
HugePages_Free:        0
HugePages_Rsvd:        0
HugePages_Surp:        0
Hugepagesize:       2048 kB
Hugetlb:               0 kB
DirectMap4k:      520236 kB
DirectMap2M:     7833600 kB
DirectMap1G:           0 kB

/sys/kernel/mm/transparent_hugepage/enabled:
always [madvise] never
/sys/kernel/mm/transparent_hugepage/defrag (defrag/compaction efforts parameter):
always defer defer+madvise [madvise] never

Process Memory:
Virtual Size: 5193140K (peak: 13458788K)
Resident Set Size: 273212K (peak: 273212K) (anon: 240160K, file: 33052K, shmem: 0K)
Swapped out: 0K
C-Heap outstanding allocations: 73734K

/proc/sys/kernel/threads-max (system-wide limit on the number of threads):
62833
/proc/sys/vm/max_map_count (maximum number of memory map areas a process may have):
65530
/proc/sys/kernel/pid_max (system-wide limit on number of process identifiers):
4194304

container (cgroup) information:
container_type: cgroupv1
cpu_cpuset_cpus: 0-3
cpu_memory_nodes: 0
active_processor_count: 4
cpu_quota: -1
cpu_period: 100000
cpu_shares: -1
memory_limit_in_bytes: -1
memory_and_swap_limit_in_bytes: -1
memory_soft_limit_in_bytes: -1
memory_usage_in_bytes: 5937758208
memory_max_usage_in_bytes: 6106886144

Steal ticks since vm start: 0
Steal ticks percentage since vm start:  0.000

CPU:total 4 (initial active 4) (4 cores per cpu, 1 threads per core) family 6 model 158 stepping 9 microcode 0xea, cmov, cx8, fxsr, mmx, sse, sse2, sse3, ssse3, sse4.1, sse4.2, popcnt, avx, avx2, aes, clmul, erms, rtm, 3dnowpref, lzcnt, tsc, tscinvbit, bmi1, bmi2, adx, fma
CPU Model and flags from /proc/cpuinfo:
model name	: Intel(R) Core(TM) i5-7500 CPU @ 3.40GHz
flags		: fpu vme de pse tsc msr pae mce cx8 apic sep mtrr pge mca cmov pat pse36 clflush dts acpi mmx fxsr sse sse2 ss ht tm pbe syscall nx pdpe1gb rdtscp lm constant_tsc art arch_perfmon pebs bts rep_good nopl xtopology nonstop_tsc cpuid aperfmperf pni pclmulqdq dtes64 monitor ds_cpl vmx smx est tm2 ssse3 sdbg fma cx16 xtpr pdcm pcid sse4_1 sse4_2 x2apic movbe popcnt tsc_deadline_timer aes xsave avx f16c rdrand lahf_lm abm 3dnowprefetch cpuid_fault epb invpcid_single pti ssbd ibrs ibpb stibp tpr_shadow vnmi flexpriority ept vpid ept_ad fsgsbase tsc_adjust bmi1 hle avx2 smep bmi2 erms invpcid rtm mpx rdseed adx smap clflushopt intel_pt xsaveopt xsavec xgetbv1 xsaves dtherm ida arat pln pts hwp hwp_notify hwp_act_window hwp_epp md_clear flush_l1d
Online cpus:
0-3
Offline cpus:

BIOS frequency limitation:
<Not Available>
Frequency switch latency (ns):
0
Available cpu frequencies:
<Not Available>
Current governor:
powersave
Core performance/turbo boost:
<Not Available>

Memory: 4k page, physical 8108196k(213016k free), swap 2097148k(1642428k free)

vm_info: OpenJDK 64-Bit Server VM (11.0.13+8-Ubuntu-0ubuntu1.20.04) for linux-amd64 JRE (11.0.13+8-Ubuntu-0ubuntu1.20.04), built on Oct 29 2021 09:11:30 by "unknown" with gcc 9.3.0

END.
